#
# There is insufficient memory for the Java Runtime Environment to continue.
# Native memory allocation (malloc) failed to allocate 32744 bytes for ChunkPool::allocate
# Possible reasons:
#   The system is out of physical RAM or swap space
#   The process is running with CompressedOops enabled, and the Java Heap may be blocking the growth of the native heap
# Possible solutions:
#   Reduce memory load on the system
#   Increase physical memory or swap space
#   Check if swap backing store is full
#   Decrease Java heap size (-Xmx/-Xms)
#   Decrease number of Java threads
#   Decrease Java thread stack sizes (-Xss)
#   Set larger code cache with -XX:ReservedCodeCacheSize=
#   JVM is running with Unscaled Compressed Oops mode in which the Java heap is
#     placed in the first 4GB address space. The Java Heap base address is the
#     maximum limit for the native heap growth. Please use -XX:HeapBaseMinAddress
#     to set the Java Heap base and to place the Java Heap above 4GB virtual address.
# This output file may be truncated or incomplete.
#
#  Out of Memory Error (arena.cpp:78), pid=20508, tid=18056
#
# JRE version: OpenJDK Runtime Environment Temurin-17.0.6+10 (17.0.6+10) (build 17.0.6+10)
# Java VM: OpenJDK 64-Bit Server VM Temurin-17.0.6+10 (17.0.6+10, mixed mode, tiered, compressed oops, compressed class ptrs, g1 gc, windows-amd64)
# No core dump will be written. Minidumps are not enabled by default on client versions of Windows
#

---------------  S U M M A R Y ------------

Command Line: -Dfile.encoding=UTF-8 -XX:+ShowCodeDetailsInExceptionMessages LoginInventoryPos.mainFrame

Host: Pentium(R) Dual-Core  CPU      E6600  @ 3.06GHz, 2 cores, 5G,  Windows 10 , 64 bit Build 19041 (10.0.19041.2913)
Time: Fri May 26 10:45:38 2023 China Standard Time elapsed time: 51.016134 seconds (0d 0h 0m 51s)

---------------  T H R E A D  ---------------

Current thread (0x000002319d817480):  JavaThread "C2 CompilerThread0" daemon [_thread_in_native, id=18056, stack(0x000000beb4400000,0x000000beb4500000)]


Current CompileTask:
C2:  51016 1338   !   4       sun.awt.AppContext::get (123 bytes)

Stack: [0x000000beb4400000,0x000000beb4500000]
Native frames: (J=compiled Java code, j=interpreted, Vv=VM code, C=native code)
V  [jvm.dll+0x67741a]
V  [jvm.dll+0x834434]
V  [jvm.dll+0x835bde]
V  [jvm.dll+0x836243]
V  [jvm.dll+0x2457b5]
V  [jvm.dll+0xabd1c]
V  [jvm.dll+0xac0cc]
V  [jvm.dll+0x602c50]
V  [jvm.dll+0x602de6]
V  [jvm.dll+0x608ad7]
V  [jvm.dll+0x609952]
V  [jvm.dll+0x607eb4]
V  [jvm.dll+0x218468]
V  [jvm.dll+0x217a11]
V  [jvm.dll+0x1a3d0d]
V  [jvm.dll+0x22742a]
V  [jvm.dll+0x225565]
V  [jvm.dll+0x7ea2cb]
V  [jvm.dll+0x7e483a]
V  [jvm.dll+0x6762c5]
C  [ucrtbase.dll+0x21bb2]
C  [KERNEL32.DLL+0x17614]
C  [ntdll.dll+0x526a1]


---------------  P R O C E S S  ---------------

Threads class SMR info:
_java_thread_list=0x000002319def3870, length=17, elements={
0x000002319cc293f0, 0x000002319cc2af00, 0x000002319cbf9a00, 0x000002319d80d090,
0x000002319d810200, 0x000002319d816000, 0x000002319d817480, 0x000002319cc7e930,
0x000002319d84edc0, 0x000002319d949e20, 0x000002319d973640, 0x000002319dbfe7c0,
0x000002319dc5e5c0, 0x000002319dd8b6b0, 0x000002319ded82f0, 0x000002319de16490,
0x000002319de19e50
}

Java Threads: ( => current thread )
  0x000002319cc293f0 JavaThread "Reference Handler" daemon [_thread_blocked, id=16168, stack(0x000000beb3e00000,0x000000beb3f00000)]
  0x000002319cc2af00 JavaThread "Finalizer" daemon [_thread_blocked, id=7360, stack(0x000000beb3f00000,0x000000beb4000000)]
  0x000002319cbf9a00 JavaThread "Signal Dispatcher" daemon [_thread_blocked, id=14944, stack(0x000000beb4000000,0x000000beb4100000)]
  0x000002319d80d090 JavaThread "Attach Listener" daemon [_thread_blocked, id=13008, stack(0x000000beb4100000,0x000000beb4200000)]
  0x000002319d810200 JavaThread "Service Thread" daemon [_thread_blocked, id=14044, stack(0x000000beb4200000,0x000000beb4300000)]
  0x000002319d816000 JavaThread "Monitor Deflation Thread" daemon [_thread_blocked, id=7676, stack(0x000000beb4300000,0x000000beb4400000)]
=>0x000002319d817480 JavaThread "C2 CompilerThread0" daemon [_thread_in_native, id=18056, stack(0x000000beb4400000,0x000000beb4500000)]
  0x000002319cc7e930 JavaThread "C1 CompilerThread0" daemon [_thread_blocked, id=22260, stack(0x000000beb4500000,0x000000beb4600000)]
  0x000002319d84edc0 JavaThread "Sweeper thread" daemon [_thread_blocked, id=9044, stack(0x000000beb4600000,0x000000beb4700000)]
  0x000002319d949e20 JavaThread "Notification Thread" daemon [_thread_blocked, id=18912, stack(0x000000beb4700000,0x000000beb4800000)]
  0x000002319d973640 JavaThread "Common-Cleaner" daemon [_thread_blocked, id=21208, stack(0x000000beb4900000,0x000000beb4a00000)]
  0x000002319dbfe7c0 JavaThread "Java2D Disposer" daemon [_thread_blocked, id=20728, stack(0x000000beb4a00000,0x000000beb4b00000)]
  0x000002319dc5e5c0 JavaThread "AWT-Windows" daemon [_thread_in_native, id=10924, stack(0x000000beb4c00000,0x000000beb4d00000)]
  0x000002319dd8b6b0 JavaThread "AWT-Shutdown" [_thread_blocked, id=12728, stack(0x000000beb4f00000,0x000000beb5000000)]
  0x000002319ded82f0 JavaThread "AWT-EventQueue-0" [_thread_blocked, id=7076, stack(0x000000beb5000000,0x000000beb5100000)]
  0x000002319de16490 JavaThread "Thread-0" [_thread_blocked, id=21736, stack(0x000000beb5100000,0x000000beb5200000)]
  0x000002319de19e50 JavaThread "DestroyJavaVM" [_thread_blocked, id=4716, stack(0x000000beb3700000,0x000000beb3800000)]

Other Threads:
  0x000002319cba7bf0 VMThread "VM Thread" [stack: 0x000000beb3d00000,0x000000beb3e00000] [id=5628]
  0x000002319d950b30 WatcherThread [stack: 0x000000beb4800000,0x000000beb4900000] [id=5180]
  0x0000023182d149e0 GCTaskThread "GC Thread#0" [stack: 0x000000beb3800000,0x000000beb3900000] [id=21392]
  0x000002319dd069e0 GCTaskThread "GC Thread#1" [stack: 0x000000beb4e00000,0x000000beb4f00000] [id=19040]
  0x0000023182d21820 ConcurrentGCThread "G1 Main Marker" [stack: 0x000000beb3900000,0x000000beb3a00000] [id=2544]
  0x0000023182d22b10 ConcurrentGCThread "G1 Conc#0" [stack: 0x000000beb3a00000,0x000000beb3b00000] [id=724]
  0x0000023182d79610 ConcurrentGCThread "G1 Refine#0" [stack: 0x000000beb3b00000,0x000000beb3c00000] [id=15736]
  0x0000023182d7a910 ConcurrentGCThread "G1 Service" [stack: 0x000000beb3c00000,0x000000beb3d00000] [id=15860]

Threads with active compile tasks:
C2 CompilerThread0    51079 1338   !   4       sun.awt.AppContext::get (123 bytes)

VM state: not at safepoint (normal execution)

VM Mutex/Monitor currently owned by a thread: None

Heap address: 0x00000000a0800000, size: 1528 MB, Compressed Oops mode: 32-bit

CDS archive(s) not mapped
Compressed class space mapped at: 0x0000000100000000-0x0000000140000000, reserved size: 1073741824
Narrow klass base: 0x0000000000000000, Narrow klass shift: 3, Narrow klass range: 0x140000000

GC Precious Log:
 CPUs: 2 total, 2 available
 Memory: 6109M
 Large Page Support: Disabled
 NUMA Support: Disabled
 Compressed Oops: Enabled (32-bit)
 Heap Region Size: 1M
 Heap Min Capacity: 8M
 Heap Initial Capacity: 96M
 Heap Max Capacity: 1528M
 Pre-touch: Disabled
 Parallel Workers: 2
 Concurrent Workers: 1
 Concurrent Refinement Workers: 2
 Periodic GC: Disabled

Heap:
 garbage-first heap   total 128000K, used 76561K [0x00000000a0800000, 0x0000000100000000)
  region size 1024K, 5 young (5120K), 2 survivors (2048K)
 Metaspace       used 16026K, committed 16256K, reserved 1064960K
  class space    used 1656K, committed 1792K, reserved 1048576K

Heap Regions: E=young(eden), S=young(survivor), O=old, HS=humongous(starts), HC=humongous(continues), CS=collection set, F=free, OA=open archive, CA=closed archive, TAMS=top-at-mark-start (previous, next)
|   0|0x00000000a0800000, 0x00000000a0900000, 0x00000000a0900000|100%| O|  |TAMS 0x00000000a0900000, 0x00000000a0800000| Untracked 
|   1|0x00000000a0900000, 0x00000000a0a00000, 0x00000000a0a00000|100%|HS|  |TAMS 0x00000000a0a00000, 0x00000000a0900000| Complete 
|   2|0x00000000a0a00000, 0x00000000a0b00000, 0x00000000a0b00000|100%|HC|  |TAMS 0x00000000a0b00000, 0x00000000a0a00000| Complete 
|   3|0x00000000a0b00000, 0x00000000a0c00000, 0x00000000a0c00000|100%|HC|  |TAMS 0x00000000a0c00000, 0x00000000a0b00000| Complete 
|   4|0x00000000a0c00000, 0x00000000a0d00000, 0x00000000a0d00000|100%|HC|  |TAMS 0x00000000a0d00000, 0x00000000a0c00000| Complete 
|   5|0x00000000a0d00000, 0x00000000a0e00000, 0x00000000a0e00000|100%|HC|  |TAMS 0x00000000a0e00000, 0x00000000a0d00000| Complete 
|   6|0x00000000a0e00000, 0x00000000a0f00000, 0x00000000a0f00000|100%|HC|  |TAMS 0x00000000a0f00000, 0x00000000a0e00000| Complete 
|   7|0x00000000a0f00000, 0x00000000a1000000, 0x00000000a1000000|100%|HC|  |TAMS 0x00000000a1000000, 0x00000000a0f00000| Complete 
|   8|0x00000000a1000000, 0x00000000a1100000, 0x00000000a1100000|100%|HC|  |TAMS 0x00000000a1100000, 0x00000000a1000000| Complete 
|   9|0x00000000a1100000, 0x00000000a1200000, 0x00000000a1200000|100%|HC|  |TAMS 0x00000000a1200000, 0x00000000a1100000| Complete 
|  10|0x00000000a1200000, 0x00000000a1300000, 0x00000000a1300000|100%|HC|  |TAMS 0x00000000a1300000, 0x00000000a1200000| Complete 
|  11|0x00000000a1300000, 0x00000000a1400000, 0x00000000a1400000|100%|HC|  |TAMS 0x00000000a1400000, 0x00000000a1300000| Complete 
|  12|0x00000000a1400000, 0x00000000a1500000, 0x00000000a1500000|100%|HC|  |TAMS 0x00000000a1500000, 0x00000000a1400000| Complete 
|  13|0x00000000a1500000, 0x00000000a1600000, 0x00000000a1600000|100%|HC|  |TAMS 0x00000000a1600000, 0x00000000a1500000| Complete 
|  14|0x00000000a1600000, 0x00000000a1700000, 0x00000000a1700000|100%|HC|  |TAMS 0x00000000a1700000, 0x00000000a1600000| Complete 
|  15|0x00000000a1700000, 0x00000000a1800000, 0x00000000a1800000|100%|HC|  |TAMS 0x00000000a1800000, 0x00000000a1700000| Complete 
|  16|0x00000000a1800000, 0x00000000a1900000, 0x00000000a1900000|100%|HC|  |TAMS 0x00000000a1900000, 0x00000000a1800000| Complete 
|  17|0x00000000a1900000, 0x00000000a1a00000, 0x00000000a1a00000|100%|HC|  |TAMS 0x00000000a1a00000, 0x00000000a1900000| Complete 
|  18|0x00000000a1a00000, 0x00000000a1b00000, 0x00000000a1b00000|100%|HC|  |TAMS 0x00000000a1b00000, 0x00000000a1a00000| Complete 
|  19|0x00000000a1b00000, 0x00000000a1c00000, 0x00000000a1c00000|100%|HC|  |TAMS 0x00000000a1c00000, 0x00000000a1b00000| Complete 
|  20|0x00000000a1c00000, 0x00000000a1d00000, 0x00000000a1d00000|100%|HC|  |TAMS 0x00000000a1d00000, 0x00000000a1c00000| Complete 
|  21|0x00000000a1d00000, 0x00000000a1e00000, 0x00000000a1e00000|100%|HC|  |TAMS 0x00000000a1e00000, 0x00000000a1d00000| Complete 
|  22|0x00000000a1e00000, 0x00000000a1f00000, 0x00000000a1f00000|100%|HC|  |TAMS 0x00000000a1f00000, 0x00000000a1e00000| Complete 
|  23|0x00000000a1f00000, 0x00000000a2000000, 0x00000000a2000000|100%|HC|  |TAMS 0x00000000a2000000, 0x00000000a1f00000| Complete 
|  24|0x00000000a2000000, 0x00000000a2100000, 0x00000000a2100000|100%|HC|  |TAMS 0x00000000a2100000, 0x00000000a2000000| Complete 
|  25|0x00000000a2100000, 0x00000000a2200000, 0x00000000a2200000|100%|HC|  |TAMS 0x00000000a2200000, 0x00000000a2100000| Complete 
|  26|0x00000000a2200000, 0x00000000a2300000, 0x00000000a2300000|100%|HC|  |TAMS 0x00000000a2300000, 0x00000000a2200000| Complete 
|  27|0x00000000a2300000, 0x00000000a2400000, 0x00000000a2400000|100%|HC|  |TAMS 0x00000000a2400000, 0x00000000a2300000| Complete 
|  28|0x00000000a2400000, 0x00000000a2500000, 0x00000000a2500000|100%|HC|  |TAMS 0x00000000a2500000, 0x00000000a2400000| Complete 
|  29|0x00000000a2500000, 0x00000000a2600000, 0x00000000a2600000|100%|HC|  |TAMS 0x00000000a2600000, 0x00000000a2500000| Complete 
|  30|0x00000000a2600000, 0x00000000a2700000, 0x00000000a2700000|100%|HC|  |TAMS 0x00000000a2700000, 0x00000000a2600000| Complete 
|  31|0x00000000a2700000, 0x00000000a2800000, 0x00000000a2800000|100%|HC|  |TAMS 0x00000000a2800000, 0x00000000a2700000| Complete 
|  32|0x00000000a2800000, 0x00000000a2900000, 0x00000000a2900000|100%|HC|  |TAMS 0x00000000a2900000, 0x00000000a2800000| Complete 
|  33|0x00000000a2900000, 0x00000000a2a00000, 0x00000000a2a00000|100%|HC|  |TAMS 0x00000000a2a00000, 0x00000000a2900000| Complete 
|  34|0x00000000a2a00000, 0x00000000a2b00000, 0x00000000a2b00000|100%|HC|  |TAMS 0x00000000a2b00000, 0x00000000a2a00000| Complete 
|  35|0x00000000a2b00000, 0x00000000a2c00000, 0x00000000a2c00000|100%|HC|  |TAMS 0x00000000a2c00000, 0x00000000a2b00000| Complete 
|  36|0x00000000a2c00000, 0x00000000a2d00000, 0x00000000a2d00000|100%|HC|  |TAMS 0x00000000a2d00000, 0x00000000a2c00000| Complete 
|  37|0x00000000a2d00000, 0x00000000a2e00000, 0x00000000a2e00000|100%|HC|  |TAMS 0x00000000a2e00000, 0x00000000a2d00000| Complete 
|  38|0x00000000a2e00000, 0x00000000a2f00000, 0x00000000a2f00000|100%|HC|  |TAMS 0x00000000a2f00000, 0x00000000a2e00000| Complete 
|  39|0x00000000a2f00000, 0x00000000a3000000, 0x00000000a3000000|100%|HC|  |TAMS 0x00000000a3000000, 0x00000000a2f00000| Complete 
|  40|0x00000000a3000000, 0x00000000a3100000, 0x00000000a3100000|100%|HC|  |TAMS 0x00000000a3100000, 0x00000000a3000000| Complete 
|  41|0x00000000a3100000, 0x00000000a3200000, 0x00000000a3200000|100%|HC|  |TAMS 0x00000000a3200000, 0x00000000a3100000| Complete 
|  42|0x00000000a3200000, 0x00000000a3300000, 0x00000000a3300000|100%|HC|  |TAMS 0x00000000a3300000, 0x00000000a3200000| Complete 
|  43|0x00000000a3300000, 0x00000000a3400000, 0x00000000a3400000|100%|HC|  |TAMS 0x00000000a3400000, 0x00000000a3300000| Complete 
|  44|0x00000000a3400000, 0x00000000a3500000, 0x00000000a3500000|100%|HC|  |TAMS 0x00000000a3500000, 0x00000000a3400000| Complete 
|  45|0x00000000a3500000, 0x00000000a3600000, 0x00000000a3600000|100%|HC|  |TAMS 0x00000000a3600000, 0x00000000a3500000| Complete 
|  46|0x00000000a3600000, 0x00000000a3700000, 0x00000000a3700000|100%|HC|  |TAMS 0x00000000a3700000, 0x00000000a3600000| Complete 
|  47|0x00000000a3700000, 0x00000000a3800000, 0x00000000a3800000|100%|HC|  |TAMS 0x00000000a3800000, 0x00000000a3700000| Complete 
|  48|0x00000000a3800000, 0x00000000a3900000, 0x00000000a3900000|100%|HC|  |TAMS 0x00000000a3900000, 0x00000000a3800000| Complete 
|  49|0x00000000a3900000, 0x00000000a3a00000, 0x00000000a3a00000|100%|HC|  |TAMS 0x00000000a3a00000, 0x00000000a3900000| Complete 
|  50|0x00000000a3a00000, 0x00000000a3b00000, 0x00000000a3b00000|100%|HC|  |TAMS 0x00000000a3b00000, 0x00000000a3a00000| Complete 
|  51|0x00000000a3b00000, 0x00000000a3c00000, 0x00000000a3c00000|100%|HC|  |TAMS 0x00000000a3c00000, 0x00000000a3b00000| Complete 
|  52|0x00000000a3c00000, 0x00000000a3d00000, 0x00000000a3d00000|100%|HC|  |TAMS 0x00000000a3d00000, 0x00000000a3c00000| Complete 
|  53|0x00000000a3d00000, 0x00000000a3e00000, 0x00000000a3e00000|100%|HC|  |TAMS 0x00000000a3e00000, 0x00000000a3d00000| Complete 
|  54|0x00000000a3e00000, 0x00000000a3f00000, 0x00000000a3f00000|100%|HC|  |TAMS 0x00000000a3f00000, 0x00000000a3e00000| Complete 
|  55|0x00000000a3f00000, 0x00000000a4000000, 0x00000000a4000000|100%|HC|  |TAMS 0x00000000a4000000, 0x00000000a3f00000| Complete 
|  56|0x00000000a4000000, 0x00000000a4100000, 0x00000000a4100000|100%|HC|  |TAMS 0x00000000a4100000, 0x00000000a4000000| Complete 
|  57|0x00000000a4100000, 0x00000000a4200000, 0x00000000a4200000|100%|HC|  |TAMS 0x00000000a4200000, 0x00000000a4100000| Complete 
|  58|0x00000000a4200000, 0x00000000a4300000, 0x00000000a4300000|100%|HC|  |TAMS 0x00000000a4300000, 0x00000000a4200000| Complete 
|  59|0x00000000a4300000, 0x00000000a4400000, 0x00000000a4400000|100%|HC|  |TAMS 0x00000000a4400000, 0x00000000a4300000| Complete 
|  60|0x00000000a4400000, 0x00000000a4500000, 0x00000000a4500000|100%|HC|  |TAMS 0x00000000a4500000, 0x00000000a4400000| Complete 
|  61|0x00000000a4500000, 0x00000000a4600000, 0x00000000a4600000|100%|HC|  |TAMS 0x00000000a4600000, 0x00000000a4500000| Complete 
|  62|0x00000000a4600000, 0x00000000a4700000, 0x00000000a4700000|100%|HC|  |TAMS 0x00000000a4700000, 0x00000000a4600000| Complete 
|  63|0x00000000a4700000, 0x00000000a4800000, 0x00000000a4800000|100%|HC|  |TAMS 0x00000000a4800000, 0x00000000a4700000| Complete 
|  64|0x00000000a4800000, 0x00000000a4900000, 0x00000000a4900000|100%|HC|  |TAMS 0x00000000a4900000, 0x00000000a4800000| Complete 
|  65|0x00000000a4900000, 0x00000000a494c600, 0x00000000a4a00000| 29%| O|  |TAMS 0x00000000a494c600, 0x00000000a4900000| Untracked 
|  66|0x00000000a4a00000, 0x00000000a4b00000, 0x00000000a4b00000|100%|HS|  |TAMS 0x00000000a4a00000, 0x00000000a4a00000| Complete 
|  67|0x00000000a4b00000, 0x00000000a4c00000, 0x00000000a4c00000|100%|HC|  |TAMS 0x00000000a4b00000, 0x00000000a4b00000| Complete 
|  68|0x00000000a4c00000, 0x00000000a4d00000, 0x00000000a4d00000|100%|HC|  |TAMS 0x00000000a4c00000, 0x00000000a4c00000| Complete 
|  69|0x00000000a4d00000, 0x00000000a4e00000, 0x00000000a4e00000|100%|HS|  |TAMS 0x00000000a4e00000, 0x00000000a4d00000| Complete 
|  70|0x00000000a4e00000, 0x00000000a4f00000, 0x00000000a4f00000|100%|HC|  |TAMS 0x00000000a4f00000, 0x00000000a4e00000| Complete 
|  71|0x00000000a4f00000, 0x00000000a5000000, 0x00000000a5000000|100%|HC|  |TAMS 0x00000000a5000000, 0x00000000a4f00000| Complete 
|  72|0x00000000a5000000, 0x00000000a5000000, 0x00000000a5100000|  0%| F|  |TAMS 0x00000000a5000000, 0x00000000a5000000| Untracked 
|  73|0x00000000a5100000, 0x00000000a5100000, 0x00000000a5200000|  0%| F|  |TAMS 0x00000000a5100000, 0x00000000a5100000| Untracked 
|  74|0x00000000a5200000, 0x00000000a5200000, 0x00000000a5300000|  0%| F|  |TAMS 0x00000000a5200000, 0x00000000a5200000| Untracked 
|  75|0x00000000a5300000, 0x00000000a5300000, 0x00000000a5400000|  0%| F|  |TAMS 0x00000000a5300000, 0x00000000a5300000| Untracked 
|  76|0x00000000a5400000, 0x00000000a5400000, 0x00000000a5500000|  0%| F|  |TAMS 0x00000000a5400000, 0x00000000a5400000| Untracked 
|  77|0x00000000a5500000, 0x00000000a5500000, 0x00000000a5600000|  0%| F|  |TAMS 0x00000000a5500000, 0x00000000a5500000| Untracked 
|  78|0x00000000a5600000, 0x00000000a5600000, 0x00000000a5700000|  0%| F|  |TAMS 0x00000000a5600000, 0x00000000a5600000| Untracked 
|  79|0x00000000a5700000, 0x00000000a5700000, 0x00000000a5800000|  0%| F|  |TAMS 0x00000000a5700000, 0x00000000a5700000| Untracked 
|  80|0x00000000a5800000, 0x00000000a5800000, 0x00000000a5900000|  0%| F|  |TAMS 0x00000000a5800000, 0x00000000a5800000| Untracked 
|  81|0x00000000a5900000, 0x00000000a5900000, 0x00000000a5a00000|  0%| F|  |TAMS 0x00000000a5900000, 0x00000000a5900000| Untracked 
|  82|0x00000000a5a00000, 0x00000000a5a00000, 0x00000000a5b00000|  0%| F|  |TAMS 0x00000000a5a00000, 0x00000000a5a00000| Untracked 
|  83|0x00000000a5b00000, 0x00000000a5b00000, 0x00000000a5c00000|  0%| F|  |TAMS 0x00000000a5b00000, 0x00000000a5b00000| Untracked 
|  84|0x00000000a5c00000, 0x00000000a5c00000, 0x00000000a5d00000|  0%| F|  |TAMS 0x00000000a5c00000, 0x00000000a5c00000| Untracked 
|  85|0x00000000a5d00000, 0x00000000a5d00000, 0x00000000a5e00000|  0%| F|  |TAMS 0x00000000a5d00000, 0x00000000a5d00000| Untracked 
|  86|0x00000000a5e00000, 0x00000000a5e00000, 0x00000000a5f00000|  0%| F|  |TAMS 0x00000000a5e00000, 0x00000000a5e00000| Untracked 
|  87|0x00000000a5f00000, 0x00000000a5f00000, 0x00000000a6000000|  0%| F|  |TAMS 0x00000000a5f00000, 0x00000000a5f00000| Untracked 
|  88|0x00000000a6000000, 0x00000000a6000000, 0x00000000a6100000|  0%| F|  |TAMS 0x00000000a6000000, 0x00000000a6000000| Untracked 
|  89|0x00000000a6100000, 0x00000000a6100000, 0x00000000a6200000|  0%| F|  |TAMS 0x00000000a6100000, 0x00000000a6100000| Untracked 
|  90|0x00000000a6200000, 0x00000000a6200000, 0x00000000a6300000|  0%| F|  |TAMS 0x00000000a6200000, 0x00000000a6200000| Untracked 
|  91|0x00000000a6300000, 0x00000000a6300000, 0x00000000a6400000|  0%| F|  |TAMS 0x00000000a6300000, 0x00000000a6300000| Untracked 
|  92|0x00000000a6400000, 0x00000000a6400000, 0x00000000a6500000|  0%| F|  |TAMS 0x00000000a6400000, 0x00000000a6400000| Untracked 
|  93|0x00000000a6500000, 0x00000000a6500000, 0x00000000a6600000|  0%| F|  |TAMS 0x00000000a6500000, 0x00000000a6500000| Untracked 
|  94|0x00000000a6600000, 0x00000000a6600000, 0x00000000a6700000|  0%| F|  |TAMS 0x00000000a6600000, 0x00000000a6600000| Untracked 
|  95|0x00000000a6700000, 0x00000000a6700000, 0x00000000a6800000|  0%| F|  |TAMS 0x00000000a6700000, 0x00000000a6700000| Untracked 
|  96|0x00000000a6800000, 0x00000000a6800000, 0x00000000a6900000|  0%| F|  |TAMS 0x00000000a6800000, 0x00000000a6800000| Untracked 
|  97|0x00000000a6900000, 0x00000000a6900000, 0x00000000a6a00000|  0%| F|  |TAMS 0x00000000a6900000, 0x00000000a6900000| Untracked 
|  98|0x00000000a6a00000, 0x00000000a6a00000, 0x00000000a6b00000|  0%| F|  |TAMS 0x00000000a6a00000, 0x00000000a6a00000| Untracked 
|  99|0x00000000a6b00000, 0x00000000a6b00000, 0x00000000a6c00000|  0%| F|  |TAMS 0x00000000a6b00000, 0x00000000a6b00000| Untracked 
| 100|0x00000000a6c00000, 0x00000000a6c00000, 0x00000000a6d00000|  0%| F|  |TAMS 0x00000000a6c00000, 0x00000000a6c00000| Untracked 
| 101|0x00000000a6d00000, 0x00000000a6d00000, 0x00000000a6e00000|  0%| F|  |TAMS 0x00000000a6d00000, 0x00000000a6d00000| Untracked 
| 102|0x00000000a6e00000, 0x00000000a6e00000, 0x00000000a6f00000|  0%| F|  |TAMS 0x00000000a6e00000, 0x00000000a6e00000| Untracked 
| 103|0x00000000a6f00000, 0x00000000a6f00000, 0x00000000a7000000|  0%| F|  |TAMS 0x00000000a6f00000, 0x00000000a6f00000| Untracked 
| 104|0x00000000a7000000, 0x00000000a7000000, 0x00000000a7100000|  0%| F|  |TAMS 0x00000000a7000000, 0x00000000a7000000| Untracked 
| 105|0x00000000a7100000, 0x00000000a7100000, 0x00000000a7200000|  0%| F|  |TAMS 0x00000000a7100000, 0x00000000a7100000| Untracked 
| 106|0x00000000a7200000, 0x00000000a7200000, 0x00000000a7300000|  0%| F|  |TAMS 0x00000000a7200000, 0x00000000a7200000| Untracked 
| 107|0x00000000a7300000, 0x00000000a7300000, 0x00000000a7400000|  0%| F|  |TAMS 0x00000000a7300000, 0x00000000a7300000| Untracked 
| 108|0x00000000a7400000, 0x00000000a7400000, 0x00000000a7500000|  0%| F|  |TAMS 0x00000000a7400000, 0x00000000a7400000| Untracked 
| 109|0x00000000a7500000, 0x00000000a7500000, 0x00000000a7600000|  0%| F|  |TAMS 0x00000000a7500000, 0x00000000a7500000| Untracked 
| 110|0x00000000a7600000, 0x00000000a7677f18, 0x00000000a7700000| 46%| S|CS|TAMS 0x00000000a7600000, 0x00000000a7600000| Complete 
| 111|0x00000000a7700000, 0x00000000a7800000, 0x00000000a7800000|100%| S|CS|TAMS 0x00000000a7700000, 0x00000000a7700000| Complete 
| 112|0x00000000a7800000, 0x00000000a7800000, 0x00000000a7900000|  0%| F|  |TAMS 0x00000000a7800000, 0x00000000a7800000| Untracked 
| 113|0x00000000a7900000, 0x00000000a7900000, 0x00000000a7a00000|  0%| F|  |TAMS 0x00000000a7900000, 0x00000000a7900000| Untracked 
| 114|0x00000000a7a00000, 0x00000000a7a00000, 0x00000000a7b00000|  0%| F|  |TAMS 0x00000000a7a00000, 0x00000000a7a00000| Untracked 
| 115|0x00000000a7b00000, 0x00000000a7b00000, 0x00000000a7c00000|  0%| F|  |TAMS 0x00000000a7b00000, 0x00000000a7b00000| Untracked 
| 116|0x00000000a7c00000, 0x00000000a7c00000, 0x00000000a7d00000|  0%| F|  |TAMS 0x00000000a7c00000, 0x00000000a7c00000| Untracked 
| 117|0x00000000a7d00000, 0x00000000a7d00000, 0x00000000a7e00000|  0%| F|  |TAMS 0x00000000a7d00000, 0x00000000a7d00000| Untracked 
| 118|0x00000000a7e00000, 0x00000000a7e00000, 0x00000000a7f00000|  0%| F|  |TAMS 0x00000000a7e00000, 0x00000000a7e00000| Untracked 
| 119|0x00000000a7f00000, 0x00000000a7f00000, 0x00000000a8000000|  0%| F|  |TAMS 0x00000000a7f00000, 0x00000000a7f00000| Untracked 
| 120|0x00000000a8000000, 0x00000000a8000000, 0x00000000a8100000|  0%| F|  |TAMS 0x00000000a8000000, 0x00000000a8000000| Untracked 
| 121|0x00000000a8100000, 0x00000000a8200000, 0x00000000a8200000|100%| E|CS|TAMS 0x00000000a8100000, 0x00000000a8100000| Complete 
| 122|0x00000000a8200000, 0x00000000a8200000, 0x00000000a8300000|  0%| F|  |TAMS 0x00000000a8200000, 0x00000000a8200000| Untracked 
| 123|0x00000000a8300000, 0x00000000a8400000, 0x00000000a8400000|100%| E|  |TAMS 0x00000000a8300000, 0x00000000a8300000| Complete 
| 124|0x00000000a8400000, 0x00000000a8500000, 0x00000000a8500000|100%| E|CS|TAMS 0x00000000a8400000, 0x00000000a8400000| Complete 

Card table byte_map: [0x0000023197260000,0x0000023197560000] _byte_map_base: 0x0000023196d5c000

Marking Bits (Prev, Next): (CMBitMap*) 0x0000023182d15030, (CMBitMap*) 0x0000023182d14ff0
 Prev Bits: [0x0000023199040000, 0x000002319a820000)
 Next Bits: [0x0000023197860000, 0x0000023199040000)

Polling page: 0x0000023182a90000

Metaspace:

Usage:
  Non-class:     14.03 MB used.
      Class:      1.62 MB used.
       Both:     15.65 MB used.

Virtual space:
  Non-class space:       16.00 MB reserved,      14.12 MB ( 88%) committed,  2 nodes.
      Class space:        1.00 GB reserved,       1.75 MB ( <1%) committed,  1 nodes.
             Both:        1.02 GB reserved,      15.88 MB (  2%) committed. 

Chunk freelists:
   Non-Class:  1.00 MB
       Class:  2.24 MB
        Both:  3.25 MB

MaxMetaspaceSize: unlimited
CompressedClassSpaceSize: 1.00 GB
Initial GC threshold: 21.00 MB
Current GC threshold: 25.94 MB
CDS: off
MetaspaceReclaimPolicy: balanced
 - commit_granule_bytes: 65536.
 - commit_granule_words: 8192.
 - virtual_space_node_default_size: 1048576.
 - enlarge_chunks_in_place: 1.
 - new_chunks_are_fully_committed: 0.
 - uncommit_free_chunks: 1.
 - use_allocation_guard: 0.
 - handle_deallocations: 1.


Internal statistics:

num_allocs_failed_limit: 0.
num_arena_births: 122.
num_arena_deaths: 0.
num_vsnodes_births: 3.
num_vsnodes_deaths: 0.
num_space_committed: 254.
num_space_uncommitted: 0.
num_chunks_returned_to_freelist: 0.
num_chunks_taken_from_freelist: 220.
num_chunk_merges: 0.
num_chunk_splits: 101.
num_chunks_enlarged: 24.
num_purges: 0.
num_inconsistent_stats: 0.

CodeHeap 'non-profiled nmethods': size=120064Kb used=436Kb max_used=436Kb free=119627Kb
 bounds [0x000002318f620000, 0x000002318f890000, 0x0000023196b60000]
CodeHeap 'profiled nmethods': size=120000Kb used=2198Kb max_used=2198Kb free=117801Kb
 bounds [0x0000023187b60000, 0x0000023187dd0000, 0x000002318f090000]
CodeHeap 'non-nmethods': size=5696Kb used=1267Kb max_used=1282Kb free=4429Kb
 bounds [0x000002318f090000, 0x000002318f300000, 0x000002318f620000]
 total_blobs=1934 nmethods=1338 adapters=510
 compilation: enabled
              stopped_count=0, restarted_count=0
 full_count=0

Compilation events (20 events):
Event: 47.960 Thread 0x000002319cc7e930 nmethod 1329 0x000002318f68c690 code [0x000002318f68c820, 0x000002318f68c8f8]
Event: 47.960 Thread 0x000002319cc7e930 1330       1       java.awt.geom.AffineTransform::getTranslateX (5 bytes)
Event: 47.960 Thread 0x000002319cc7e930 nmethod 1330 0x000002318f68c990 code [0x000002318f68cb20, 0x000002318f68cbf8]
Event: 47.960 Thread 0x000002319cc7e930 1332       3       sun.java2d.pipe.Region::clipScale (41 bytes)
Event: 47.960 Thread 0x000002319cc7e930 nmethod 1332 0x0000023187d82990 code [0x0000023187d82b80, 0x0000023187d82e68]
Event: 47.961 Thread 0x000002319d817480 1333       4       java.awt.Rectangle::getX (6 bytes)
Event: 47.961 Thread 0x000002319cc7e930 1331       1       java.awt.geom.AffineTransform::getTranslateY (5 bytes)
Event: 47.961 Thread 0x000002319cc7e930 nmethod 1331 0x000002318f68cc90 code [0x000002318f68ce20, 0x000002318f68cef8]
Event: 47.961 Thread 0x000002319d817480 nmethod 1333 0x000002318f68cf90 code [0x000002318f68d100, 0x000002318f68d178]
Event: 47.962 Thread 0x000002319cc7e930 1334       3       sun.java2d.pipe.Region::getIntersectionXYWH (18 bytes)
Event: 47.962 Thread 0x000002319cc7e930 nmethod 1334 0x0000023187d82f10 code [0x0000023187d830c0, 0x0000023187d833c8]
Event: 48.968 Thread 0x000002319cc7e930 1335       3       jdk.internal.misc.Unsafe::weakCompareAndSetInt (11 bytes)
Event: 48.968 Thread 0x000002319cc7e930 nmethod 1335 0x0000023187d83510 code [0x0000023187d836a0, 0x0000023187d837d8]
Event: 49.984 Thread 0x000002319cc7e930 1336       3       sun.awt.Win32GraphicsConfig::getDefaultTransform (24 bytes)
Event: 49.984 Thread 0x000002319cc7e930 nmethod 1336 0x0000023187d83890 code [0x0000023187d83a40, 0x0000023187d83ca8]
Event: 49.984 Thread 0x000002319cc7e930 1337       3       java.util.HashMap::<init> (98 bytes)
Event: 49.986 Thread 0x000002319cc7e930 nmethod 1337 0x0000023187d83d90 code [0x0000023187d840a0, 0x0000023187d85028]
Event: 50.996 Thread 0x000002319d817480 1338   !   4       sun.awt.AppContext::get (123 bytes)
Event: 50.998 Thread 0x000002319cc7e930 1339       3       java.util.HashMap::<init> (8 bytes)
Event: 50.998 Thread 0x000002319cc7e930 nmethod 1339 0x0000023187d85590 code [0x0000023187d85760, 0x0000023187d858a8]

GC Heap History (16 events):
Event: 0.757 GC heap before
{Heap before GC invocations=0 (full 0):
 garbage-first heap   total 98304K, used 3072K [0x00000000a0800000, 0x0000000100000000)
  region size 1024K, 4 young (4096K), 0 survivors (0K)
 Metaspace       used 10263K, committed 10368K, reserved 1064960K
  class space    used 984K, committed 1024K, reserved 1048576K
}
Event: 0.763 GC heap after
{Heap after GC invocations=1 (full 0):
 garbage-first heap   total 98304K, used 1319K [0x00000000a0800000, 0x0000000100000000)
  region size 1024K, 1 young (1024K), 1 survivors (1024K)
 Metaspace       used 10263K, committed 10368K, reserved 1064960K
  class space    used 984K, committed 1024K, reserved 1048576K
}
Event: 0.860 GC heap before
{Heap before GC invocations=1 (full 0):
 garbage-first heap   total 98304K, used 69927K [0x00000000a0800000, 0x0000000100000000)
  region size 1024K, 5 young (5120K), 1 survivors (1024K)
 Metaspace       used 10361K, committed 10496K, reserved 1064960K
  class space    used 990K, committed 1024K, reserved 1048576K
}
Event: 0.865 GC heap after
{Heap after GC invocations=2 (full 0):
 garbage-first heap   total 98304K, used 67062K [0x00000000a0800000, 0x0000000100000000)
  region size 1024K, 1 young (1024K), 1 survivors (1024K)
 Metaspace       used 10361K, committed 10496K, reserved 1064960K
  class space    used 990K, committed 1024K, reserved 1048576K
}
Event: 0.951 GC heap before
{Heap before GC invocations=2 (full 0):
 garbage-first heap   total 98304K, used 73206K [0x00000000a0800000, 0x0000000100000000)
  region size 1024K, 8 young (8192K), 1 survivors (1024K)
 Metaspace       used 10381K, committed 10496K, reserved 1064960K
  class space    used 990K, committed 1024K, reserved 1048576K
}
Event: 0.952 GC heap after
{Heap after GC invocations=3 (full 0):
 garbage-first heap   total 98304K, used 66914K [0x00000000a0800000, 0x0000000100000000)
  region size 1024K, 1 young (1024K), 1 survivors (1024K)
 Metaspace       used 10381K, committed 10496K, reserved 1064960K
  class space    used 990K, committed 1024K, reserved 1048576K
}
Event: 1.131 GC heap before
{Heap before GC invocations=4 (full 0):
 garbage-first heap   total 116736K, used 83298K [0x00000000a0800000, 0x0000000100000000)
  region size 1024K, 17 young (17408K), 1 survivors (1024K)
 Metaspace       used 10381K, committed 10496K, reserved 1064960K
  class space    used 990K, committed 1024K, reserved 1048576K
}
Event: 1.132 GC heap after
{Heap after GC invocations=5 (full 0):
 garbage-first heap   total 116736K, used 66878K [0x00000000a0800000, 0x0000000100000000)
  region size 1024K, 1 young (1024K), 1 survivors (1024K)
 Metaspace       used 10381K, committed 10496K, reserved 1064960K
  class space    used 990K, committed 1024K, reserved 1048576K
}
Event: 3.257 GC heap before
{Heap before GC invocations=5 (full 0):
 garbage-first heap   total 116736K, used 100670K [0x00000000a0800000, 0x0000000100000000)
  region size 1024K, 34 young (34816K), 1 survivors (1024K)
 Metaspace       used 10382K, committed 10496K, reserved 1064960K
  class space    used 992K, committed 1024K, reserved 1048576K
}
Event: 3.259 GC heap after
{Heap after GC invocations=6 (full 0):
 garbage-first heap   total 116736K, used 66869K [0x00000000a0800000, 0x0000000100000000)
  region size 1024K, 1 young (1024K), 1 survivors (1024K)
 Metaspace       used 10382K, committed 10496K, reserved 1064960K
  class space    used 992K, committed 1024K, reserved 1048576K
}
Event: 3.382 GC heap before
{Heap before GC invocations=7 (full 0):
 garbage-first heap   total 116736K, used 70965K [0x00000000a0800000, 0x0000000100000000)
  region size 1024K, 6 young (6144K), 1 survivors (1024K)
 Metaspace       used 10393K, committed 10496K, reserved 1064960K
  class space    used 994K, committed 1024K, reserved 1048576K
}
Event: 3.384 GC heap after
{Heap after GC invocations=8 (full 0):
 garbage-first heap   total 116736K, used 66923K [0x00000000a0800000, 0x0000000100000000)
  region size 1024K, 1 young (1024K), 1 survivors (1024K)
 Metaspace       used 10393K, committed 10496K, reserved 1064960K
  class space    used 994K, committed 1024K, reserved 1048576K
}
Event: 3.405 GC heap before
{Heap before GC invocations=9 (full 0):
 garbage-first heap   total 119808K, used 69995K [0x00000000a0800000, 0x0000000100000000)
  region size 1024K, 2 young (2048K), 1 survivors (1024K)
 Metaspace       used 10393K, committed 10496K, reserved 1064960K
  class space    used 994K, committed 1024K, reserved 1048576K
}
Event: 3.406 GC heap after
{Heap after GC invocations=10 (full 0):
 garbage-first heap   total 119808K, used 69999K [0x00000000a0800000, 0x0000000100000000)
  region size 1024K, 1 young (1024K), 1 survivors (1024K)
 Metaspace       used 10393K, committed 10496K, reserved 1064960K
  class space    used 994K, committed 1024K, reserved 1048576K
}
Event: 5.642 GC heap before
{Heap before GC invocations=11 (full 0):
 garbage-first heap   total 124928K, used 81263K [0x00000000a0800000, 0x0000000100000000)
  region size 1024K, 10 young (10240K), 1 survivors (1024K)
 Metaspace       used 15640K, committed 15872K, reserved 1064960K
  class space    used 1636K, committed 1728K, reserved 1048576K
}
Event: 5.649 GC heap after
{Heap after GC invocations=12 (full 0):
 garbage-first heap   total 124928K, used 71441K [0x00000000a0800000, 0x0000000100000000)
  region size 1024K, 2 young (2048K), 2 survivors (2048K)
 Metaspace       used 15640K, committed 15872K, reserved 1064960K
  class space    used 1636K, committed 1728K, reserved 1048576K
}

Dll operation events (9 events):
Event: 0.022 Loaded shared library C:\Users\Talavera\.p2\pool\plugins\org.eclipse.justj.openjdk.hotspot.jre.full.win32.x86_64_17.0.6.v20230204-1729\jre\bin\java.dll
Event: 0.294 Loaded shared library C:\Users\Talavera\.p2\pool\plugins\org.eclipse.justj.openjdk.hotspot.jre.full.win32.x86_64_17.0.6.v20230204-1729\jre\bin\jimage.dll
Event: 0.356 Loaded shared library C:\Users\Talavera\.p2\pool\plugins\org.eclipse.justj.openjdk.hotspot.jre.full.win32.x86_64_17.0.6.v20230204-1729\jre\bin\awt.dll
Event: 0.748 Loaded shared library C:\Users\Talavera\.p2\pool\plugins\org.eclipse.justj.openjdk.hotspot.jre.full.win32.x86_64_17.0.6.v20230204-1729\jre\bin\javajpeg.dll
Event: 4.961 Loaded shared library C:\Users\Talavera\.p2\pool\plugins\org.eclipse.justj.openjdk.hotspot.jre.full.win32.x86_64_17.0.6.v20230204-1729\jre\bin\zip.dll
Event: 5.380 Loaded shared library C:\Users\Talavera\.p2\pool\plugins\org.eclipse.justj.openjdk.hotspot.jre.full.win32.x86_64_17.0.6.v20230204-1729\jre\bin\freetype.dll
Event: 5.383 Loaded shared library C:\Users\Talavera\.p2\pool\plugins\org.eclipse.justj.openjdk.hotspot.jre.full.win32.x86_64_17.0.6.v20230204-1729\jre\bin\fontmanager.dll
Event: 5.540 Loaded shared library C:\Users\Talavera\.p2\pool\plugins\org.eclipse.justj.openjdk.hotspot.jre.full.win32.x86_64_17.0.6.v20230204-1729\jre\bin\net.dll
Event: 5.543 Loaded shared library C:\Users\Talavera\.p2\pool\plugins\org.eclipse.justj.openjdk.hotspot.jre.full.win32.x86_64_17.0.6.v20230204-1729\jre\bin\nio.dll

Deoptimization events (20 events):
Event: 5.440 Thread 0x0000023182cc8b00 DEOPT PACKING pc=0x000002318f66ba84 sp=0x000000beb37fc6b0
Event: 5.440 Thread 0x0000023182cc8b00 DEOPT UNPACKING pc=0x000002318f0e699d sp=0x000000beb37fc5d8 mode 2
Event: 5.441 Thread 0x0000023182cc8b00 Uncommon trap: trap_request=0xffffffc6 fr.pc=0x000002318f66ba84 relative=0x0000000000000904
Event: 5.441 Thread 0x0000023182cc8b00 Uncommon trap: reason=bimorphic_or_optimized_type_check action=maybe_recompile pc=0x000002318f66ba84 method=java.util.HashMap.putVal(ILjava/lang/Object;Ljava/lang/Object;ZZ)Ljava/lang/Object; @ 152 c2
Event: 5.441 Thread 0x0000023182cc8b00 DEOPT PACKING pc=0x000002318f66ba84 sp=0x000000beb37fc6b0
Event: 5.441 Thread 0x0000023182cc8b00 DEOPT UNPACKING pc=0x000002318f0e699d sp=0x000000beb37fc5d8 mode 2
Event: 5.441 Thread 0x0000023182cc8b00 Uncommon trap: trap_request=0xffffffc6 fr.pc=0x000002318f661f3c relative=0x00000000000008bc
Event: 5.441 Thread 0x0000023182cc8b00 Uncommon trap: reason=bimorphic_or_optimized_type_check action=maybe_recompile pc=0x000002318f661f3c method=java.util.HashMap.putVal(ILjava/lang/Object;Ljava/lang/Object;ZZ)Ljava/lang/Object; @ 152 c2
Event: 5.441 Thread 0x0000023182cc8b00 DEOPT PACKING pc=0x000002318f661f3c sp=0x000000beb37fc620
Event: 5.441 Thread 0x0000023182cc8b00 DEOPT UNPACKING pc=0x000002318f0e699d sp=0x000000beb37fc5d0 mode 2
Event: 5.548 Thread 0x0000023182cc8b00 Uncommon trap: trap_request=0xffffff45 fr.pc=0x000002318f66f6d0 relative=0x0000000000000850
Event: 5.548 Thread 0x0000023182cc8b00 Uncommon trap: reason=unstable_if action=reinterpret pc=0x000002318f66f6d0 method=java.util.HashMap.putVal(ILjava/lang/Object;Ljava/lang/Object;ZZ)Ljava/lang/Object; @ 181 c2
Event: 5.548 Thread 0x0000023182cc8b00 DEOPT PACKING pc=0x000002318f66f6d0 sp=0x000000beb37fd9d0
Event: 5.548 Thread 0x0000023182cc8b00 DEOPT UNPACKING pc=0x000002318f0e699d sp=0x000000beb37fd990 mode 2
Event: 5.887 Thread 0x000002319ded82f0 Uncommon trap: trap_request=0xffffff45 fr.pc=0x000002318f678914 relative=0x0000000000000454
Event: 5.887 Thread 0x000002319ded82f0 Uncommon trap: reason=unstable_if action=reinterpret pc=0x000002318f678914 method=java.lang.StringLatin1.toLowerCase(Ljava/lang/String;[BLjava/util/Locale;)Ljava/lang/String; @ 43 c2
Event: 5.887 Thread 0x000002319ded82f0 DEOPT PACKING pc=0x000002318f678914 sp=0x000000beb50fcf10
Event: 5.887 Thread 0x000002319ded82f0 DEOPT UNPACKING pc=0x000002318f0e699d sp=0x000000beb50fce80 mode 2
Event: 5.912 Thread 0x000002319ded82f0 DEOPT PACKING pc=0x0000023187cf405a sp=0x000000beb50fcf20
Event: 5.912 Thread 0x000002319ded82f0 DEOPT UNPACKING pc=0x000002318f0e7124 sp=0x000000beb50fc3a8 mode 0

Classes unloaded (0 events):
No events

Classes redefined (0 events):
No events

Internal exceptions (13 events):
Event: 0.336 Thread 0x0000023182cc8b00 Exception <a 'java/lang/ClassNotFoundException'{0x00000000a66034a0}: sun/awt/resources/spi/awtProvider> (0x00000000a66034a0) 
thrown [s\src\hotspot\share\classfile\systemDictionary.cpp, line 256]
Event: 0.409 Thread 0x0000023182cc8b00 Exception <a 'java/io/FileNotFoundException'{0x00000000a665e2d8}> (0x00000000a665e2d8) 
thrown [s\src\hotspot\share\prims\jni.cpp, line 516]
Event: 0.424 Thread 0x0000023182cc8b00 Exception <a 'java/io/FileNotFoundException'{0x00000000a668b4b8}> (0x00000000a668b4b8) 
thrown [s\src\hotspot\share\prims\jni.cpp, line 516]
Event: 0.539 Thread 0x0000023182cc8b00 Exception <a 'java/lang/NoSuchMethodError'{0x00000000a66dd1b8}: 'java.lang.Object java.lang.invoke.DirectMethodHandle$Holder.invokeStaticInit(java.lang.Object)'> (0x00000000a66dd1b8) 
thrown [s\src\hotspot\share\interpreter\linkResolver.cpp, line 759]
Event: 0.616 Thread 0x0000023182cc8b00 Exception <a 'java/lang/NoSuchMethodError'{0x00000000a6530ec0}: 'void java.lang.invoke.DirectMethodHandle$Holder.invokeSpecial(java.lang.Object, java.lang.Object, java.lang.Object)'> (0x00000000a6530ec0) 
thrown [s\src\hotspot\share\interpreter\linkResolver.cpp, line 759]
Event: 0.643 Thread 0x0000023182cc8b00 Exception <a 'java/lang/NoSuchMethodError'{0x00000000a655b2c8}: 'java.lang.Object java.lang.invoke.DirectMethodHandle$Holder.newInvokeSpecial(java.lang.Object, java.lang.Object, java.lang.Object, java.lang.Object, java.lang.Object)'> (0x00000000a655b2c8) 
thrown [s\src\hotspot\share\interpreter\linkResolver.cpp, line 759]
Event: 0.649 Thread 0x0000023182cc8b00 Exception <a 'java/lang/NoSuchMethodError'{0x00000000a6566ef0}: 'java.lang.Object java.lang.invoke.DirectMethodHandle$Holder.invokeStatic(java.lang.Object, int, java.lang.Object, java.lang.Object, java.lang.Object, java.lang.Object)'> (0x00000000a6566ef0) 
thrown [s\src\hotspot\share\interpreter\linkResolver.cpp, line 759]
Event: 0.658 Thread 0x0000023182cc8b00 Exception <a 'java/lang/NoSuchMethodError'{0x00000000a658c908}: 'java.lang.Object java.lang.invoke.DirectMethodHandle$Holder.invokeStatic(java.lang.Object, int, java.lang.Object)'> (0x00000000a658c908) 
thrown [s\src\hotspot\share\interpreter\linkResolver.cpp, line 759]
Event: 0.715 Thread 0x0000023182cc8b00 Exception <a 'java/lang/ClassNotFoundException'{0x00000000a6445320}: com/sun/swing/internal/plaf/metal/resources/spi/metalProvider> (0x00000000a6445320) 
thrown [s\src\hotspot\share\classfile\systemDictionary.cpp, line 256]
Event: 0.717 Thread 0x0000023182cc8b00 Exception <a 'java/lang/ClassNotFoundException'{0x00000000a64491a8}: com/sun/swing/internal/plaf/basic/resources/spi/basicProvider> (0x00000000a64491a8) 
thrown [s\src\hotspot\share\classfile\systemDictionary.cpp, line 256]
Event: 0.751 Thread 0x000002319dcd4010 Exception <a 'java/lang/NoSuchMethodError'{0x00000000a64872b8}: 'java.lang.Object java.lang.invoke.DirectMethodHandle$Holder.newInvokeSpecial(java.lang.Object, java.lang.Object, java.lang.Object, int, int, int, int, int)'> (0x00000000a64872b8) 
thrown [s\src\hotspot\share\interpreter\linkResolver.cpp, line 759]
Event: 4.973 Thread 0x000002319dc5df20 Implicit null exception at 0x000002318f64d4e0 to 0x000002318f64d9dc
Event: 5.365 Thread 0x0000023182cc8b00 Exception <a 'java/lang/NoSuchMethodError'{0x00000000a795daa8}: 'void java.lang.invoke.DirectMethodHandle$Holder.invokeStaticInit(java.lang.Object)'> (0x00000000a795daa8) 
thrown [s\src\hotspot\share\interpreter\linkResolver.cpp, line 759]

VM Operations (20 events):
Event: 33.935 Executing VM operation: Cleanup
Event: 33.935 Executing VM operation: Cleanup done
Event: 34.951 Executing VM operation: Cleanup
Event: 34.951 Executing VM operation: Cleanup done
Event: 35.953 Executing VM operation: Cleanup
Event: 35.953 Executing VM operation: Cleanup done
Event: 37.974 Executing VM operation: Cleanup
Event: 37.974 Executing VM operation: Cleanup done
Event: 38.983 Executing VM operation: Cleanup
Event: 38.983 Executing VM operation: Cleanup done
Event: 42.005 Executing VM operation: Cleanup
Event: 42.005 Executing VM operation: Cleanup done
Event: 43.009 Executing VM operation: Cleanup
Event: 43.009 Executing VM operation: Cleanup done
Event: 44.017 Executing VM operation: Cleanup
Event: 44.017 Executing VM operation: Cleanup done
Event: 45.024 Executing VM operation: Cleanup
Event: 45.024 Executing VM operation: Cleanup done
Event: 48.052 Executing VM operation: Cleanup
Event: 48.052 Executing VM operation: Cleanup done

Events (20 events):
Event: 5.784 loading class javax/swing/text/Utilities
Event: 5.785 loading class javax/swing/text/Utilities done
Event: 5.794 loading class javax/swing/plaf/metal/MetalUtils
Event: 5.794 loading class javax/swing/plaf/metal/MetalUtils done
Event: 5.820 loading class sun/font/SunFontManager$FamilyDescription
Event: 5.820 loading class sun/font/SunFontManager$FamilyDescription done
Event: 5.821 loading class java/util/concurrent/ConcurrentHashMap$KeySetView
Event: 5.821 loading class java/util/concurrent/ConcurrentHashMap$KeySetView done
Event: 5.821 loading class java/util/concurrent/ConcurrentHashMap$KeyIterator
Event: 5.821 loading class java/util/concurrent/ConcurrentHashMap$KeyIterator done
Event: 5.892 loading class sun/font/SunFontManager$4
Event: 5.892 loading class sun/font/SunFontManager$4 done
Event: 5.929 loading class java/io/RandomAccessFile$1
Event: 5.930 loading class java/io/RandomAccessFile$1 done
Event: 5.974 loading class java/awt/KeyboardFocusManager$3
Event: 5.974 loading class java/awt/KeyboardFocusManager$3 done
Event: 5.975 loading class java/awt/TextComponent
Event: 5.976 loading class java/awt/TextComponent done
Event: 10.094 Thread 0x000002319dc5df20 Thread exited: 0x000002319dc5df20
Event: 10.095 Thread 0x000002319dcd4010 Thread exited: 0x000002319dcd4010


Dynamic libraries:
0x00007ff6fbda0000 - 0x00007ff6fbdae000 	C:\Users\Talavera\.p2\pool\plugins\org.eclipse.justj.openjdk.hotspot.jre.full.win32.x86_64_17.0.6.v20230204-1729\jre\bin\javaw.exe
0x00007fff30e10000 - 0x00007fff31008000 	C:\WINDOWS\SYSTEM32\ntdll.dll
0x00007fff2ef60000 - 0x00007fff2f01f000 	C:\WINDOWS\System32\KERNEL32.DLL
0x00007fff2dc20000 - 0x00007fff2df16000 	C:\WINDOWS\System32\KERNELBASE.dll
0x00007fff2dfd0000 - 0x00007fff2e0d0000 	C:\WINDOWS\System32\ucrtbase.dll
0x00007fff23730000 - 0x00007fff23747000 	C:\Users\Talavera\.p2\pool\plugins\org.eclipse.justj.openjdk.hotspot.jre.full.win32.x86_64_17.0.6.v20230204-1729\jre\bin\jli.dll
0x00007fff2fdd0000 - 0x00007fff2ff6d000 	C:\WINDOWS\System32\USER32.dll
0x00007fff2df20000 - 0x00007fff2df42000 	C:\WINDOWS\System32\win32u.dll
0x00007fff2e6e0000 - 0x00007fff2e70c000 	C:\WINDOWS\System32\GDI32.dll
0x00007fff2e390000 - 0x00007fff2e4a5000 	C:\WINDOWS\System32\gdi32full.dll
0x00007fff2e0d0000 - 0x00007fff2e16d000 	C:\WINDOWS\System32\msvcp_win.dll
0x00007fff127f0000 - 0x00007fff12809000 	C:\Users\Talavera\.p2\pool\plugins\org.eclipse.justj.openjdk.hotspot.jre.full.win32.x86_64_17.0.6.v20230204-1729\jre\bin\VCRUNTIME140.dll
0x00007fff0f400000 - 0x00007fff0f69a000 	C:\WINDOWS\WinSxS\amd64_microsoft.windows.common-controls_6595b64144ccf1df_6.0.19041.1110_none_60b5254171f9507e\COMCTL32.dll
0x00007fff2e4c0000 - 0x00007fff2e55e000 	C:\WINDOWS\System32\msvcrt.dll
0x00007fff2e6b0000 - 0x00007fff2e6e0000 	C:\WINDOWS\System32\IMM32.DLL
0x00007fff24080000 - 0x00007fff2408c000 	C:\Users\Talavera\.p2\pool\plugins\org.eclipse.justj.openjdk.hotspot.jre.full.win32.x86_64_17.0.6.v20230204-1729\jre\bin\vcruntime140_1.dll
0x00007fff0c020000 - 0x00007fff0c0b1000 	C:\Users\Talavera\.p2\pool\plugins\org.eclipse.justj.openjdk.hotspot.jre.full.win32.x86_64_17.0.6.v20230204-1729\jre\bin\msvcp140.dll
0x00007ffef27f0000 - 0x00007ffef3437000 	C:\Users\Talavera\.p2\pool\plugins\org.eclipse.justj.openjdk.hotspot.jre.full.win32.x86_64_17.0.6.v20230204-1729\jre\bin\server\jvm.dll
0x00007fff2f020000 - 0x00007fff2f0cf000 	C:\WINDOWS\System32\ADVAPI32.dll
0x00007fff2f820000 - 0x00007fff2f8bc000 	C:\WINDOWS\System32\sechost.dll
0x00007fff2ea40000 - 0x00007fff2eb66000 	C:\WINDOWS\System32\RPCRT4.dll
0x00007fff1fcf0000 - 0x00007fff1fcf9000 	C:\WINDOWS\SYSTEM32\WSOCK32.dll
0x00007fff30d60000 - 0x00007fff30dcb000 	C:\WINDOWS\System32\WS2_32.dll
0x00007fff20340000 - 0x00007fff20367000 	C:\WINDOWS\SYSTEM32\WINMM.dll
0x00007fff21210000 - 0x00007fff2121a000 	C:\WINDOWS\SYSTEM32\VERSION.dll
0x00007fff2b9f0000 - 0x00007fff2ba02000 	C:\WINDOWS\SYSTEM32\kernel.appcore.dll
0x00007fff161b0000 - 0x00007fff161ba000 	C:\Users\Talavera\.p2\pool\plugins\org.eclipse.justj.openjdk.hotspot.jre.full.win32.x86_64_17.0.6.v20230204-1729\jre\bin\jimage.dll
0x00007fff1b610000 - 0x00007fff1b7f4000 	C:\WINDOWS\SYSTEM32\DBGHELP.DLL
0x00007fff1cf30000 - 0x00007fff1cf64000 	C:\WINDOWS\SYSTEM32\dbgcore.DLL
0x00007fff2e1a0000 - 0x00007fff2e222000 	C:\WINDOWS\System32\bcryptPrimitives.dll
0x00007fff06970000 - 0x00007fff06995000 	C:\Users\Talavera\.p2\pool\plugins\org.eclipse.justj.openjdk.hotspot.jre.full.win32.x86_64_17.0.6.v20230204-1729\jre\bin\java.dll
0x00007fff04d60000 - 0x00007fff04d78000 	C:\Users\Talavera\.p2\pool\plugins\org.eclipse.justj.openjdk.hotspot.jre.full.win32.x86_64_17.0.6.v20230204-1729\jre\bin\zip.dll
0x00007fff2f0d0000 - 0x00007fff2f814000 	C:\WINDOWS\System32\SHELL32.dll
0x00007fff2bbf0000 - 0x00007fff2c383000 	C:\WINDOWS\SYSTEM32\windows.storage.dll
0x00007fff2ebe0000 - 0x00007fff2ef34000 	C:\WINDOWS\System32\combase.dll
0x00007fff2d480000 - 0x00007fff2d4ae000 	C:\WINDOWS\SYSTEM32\Wldp.dll
0x00007fff2e850000 - 0x00007fff2e8fd000 	C:\WINDOWS\System32\SHCORE.dll
0x00007fff2eb70000 - 0x00007fff2ebc5000 	C:\WINDOWS\System32\shlwapi.dll
0x00007fff2da40000 - 0x00007fff2da5f000 	C:\WINDOWS\SYSTEM32\profapi.dll
0x00007ffee99e0000 - 0x00007ffee9b6e000 	C:\Users\Talavera\.p2\pool\plugins\org.eclipse.justj.openjdk.hotspot.jre.full.win32.x86_64_17.0.6.v20230204-1729\jre\bin\awt.dll
0x00007fff2e910000 - 0x00007fff2e9dd000 	C:\WINDOWS\System32\OLEAUT32.dll
0x00007fff2b410000 - 0x00007fff2b4a1000 	C:\WINDOWS\SYSTEM32\apphelp.dll
0x00007fff2b810000 - 0x00007fff2b83f000 	C:\WINDOWS\system32\DWMAPI.DLL
0x00007fff2b520000 - 0x00007fff2b5be000 	C:\WINDOWS\system32\uxtheme.dll
0x00007ffef8770000 - 0x00007ffef8895000 	C:\WINDOWS\system32\opengl32.dll
0x00007fff0f370000 - 0x00007fff0f39c000 	C:\WINDOWS\SYSTEM32\GLU32.dll
0x00007fff2fb80000 - 0x00007fff2fc94000 	C:\WINDOWS\System32\MSCTF.dll
0x00007fff2fca0000 - 0x00007fff2fdca000 	C:\WINDOWS\System32\ole32.dll
0x00007fff0bff0000 - 0x00007fff0c01d000 	C:\Users\Talavera\.p2\pool\plugins\org.eclipse.justj.openjdk.hotspot.jre.full.win32.x86_64_17.0.6.v20230204-1729\jre\bin\javajpeg.dll
0x00007fff0bb40000 - 0x00007fff0bbc6000 	C:\Users\Talavera\.p2\pool\plugins\org.eclipse.justj.openjdk.hotspot.jre.full.win32.x86_64_17.0.6.v20230204-1729\jre\bin\freetype.dll
0x00007ffeecc00000 - 0x00007ffeeccc5000 	C:\Users\Talavera\.p2\pool\plugins\org.eclipse.justj.openjdk.hotspot.jre.full.win32.x86_64_17.0.6.v20230204-1729\jre\bin\fontmanager.dll
0x00007fff2e600000 - 0x00007fff2e6a9000 	C:\WINDOWS\System32\clbcatq.dll
0x00007fff27b60000 - 0x00007fff27d14000 	C:\WINDOWS\SYSTEM32\WindowsCodecs.dll
0x00007fff2e170000 - 0x00007fff2e197000 	C:\WINDOWS\System32\bcrypt.dll
0x00007fff145d0000 - 0x00007fff1460e000 	C:\WINDOWS\system32\dataexchange.dll
0x00007fff2a760000 - 0x00007fff2a943000 	C:\WINDOWS\system32\dcomp.dll
0x00007fff2a4e0000 - 0x00007fff2a743000 	C:\WINDOWS\system32\d3d11.dll
0x00007fff2c3d0000 - 0x00007fff2c4c3000 	C:\WINDOWS\system32\dxgi.dll
0x00007fff28070000 - 0x00007fff28270000 	C:\WINDOWS\system32\twinapi.appcore.dll
0x00007fff04b00000 - 0x00007fff04b19000 	C:\Users\Talavera\.p2\pool\plugins\org.eclipse.justj.openjdk.hotspot.jre.full.win32.x86_64_17.0.6.v20230204-1729\jre\bin\net.dll
0x00007fff26c40000 - 0x00007fff26d4a000 	C:\WINDOWS\SYSTEM32\WINHTTP.dll
0x00007fff2d1e0000 - 0x00007fff2d24a000 	C:\WINDOWS\system32\mswsock.dll
0x00007fff04a40000 - 0x00007fff04a55000 	C:\Users\Talavera\.p2\pool\plugins\org.eclipse.justj.openjdk.hotspot.jre.full.win32.x86_64_17.0.6.v20230204-1729\jre\bin\nio.dll
0x00007fff25500000 - 0x00007fff255fa000 	C:\WINDOWS\SYSTEM32\textinputframework.dll
0x00007fff2acd0000 - 0x00007fff2b02e000 	C:\WINDOWS\System32\CoreUIComponents.dll
0x00007fff2b060000 - 0x00007fff2b152000 	C:\WINDOWS\System32\CoreMessaging.dll
0x00007fff2cc30000 - 0x00007fff2cc63000 	C:\WINDOWS\SYSTEM32\ntmarta.dll
0x00007fff29810000 - 0x00007fff29964000 	C:\WINDOWS\SYSTEM32\wintypes.dll

dbghelp: loaded successfully - version: 4.0.5 - missing functions: none
symbol engine: initialized successfully - sym options: 0x614 - pdb path: .;C:\Users\Talavera\.p2\pool\plugins\org.eclipse.justj.openjdk.hotspot.jre.full.win32.x86_64_17.0.6.v20230204-1729\jre\bin;C:\WINDOWS\SYSTEM32;C:\WINDOWS\WinSxS\amd64_microsoft.windows.common-controls_6595b64144ccf1df_6.0.19041.1110_none_60b5254171f9507e;C:\Users\Talavera\.p2\pool\plugins\org.eclipse.justj.openjdk.hotspot.jre.full.win32.x86_64_17.0.6.v20230204-1729\jre\bin\server

VM Arguments:
jvm_args: -Dfile.encoding=UTF-8 -XX:+ShowCodeDetailsInExceptionMessages 
java_command: LoginInventoryPos.mainFrame
java_class_path (initial): C:\Users\Talavera\Desktop\Talavera Mark  Edrian  S. (Final Activity POS & Inventory)\JavaInventoryPos\bin
Launcher Type: SUN_STANDARD

[Global flags]
     intx CICompilerCount                          = 2                                         {product} {ergonomic}
     uint ConcGCThreads                            = 1                                         {product} {ergonomic}
     uint G1ConcRefinementThreads                  = 2                                         {product} {ergonomic}
   size_t G1HeapRegionSize                         = 1048576                                   {product} {ergonomic}
    uintx GCDrainStackTargetSize                   = 64                                        {product} {ergonomic}
   size_t InitialHeapSize                          = 100663296                                 {product} {ergonomic}
   size_t MarkStackSize                            = 4194304                                   {product} {ergonomic}
   size_t MaxHeapSize                              = 1602224128                                {product} {ergonomic}
   size_t MaxNewSize                               = 960495616                                 {product} {ergonomic}
   size_t MinHeapDeltaBytes                        = 1048576                                   {product} {ergonomic}
   size_t MinHeapSize                              = 8388608                                   {product} {ergonomic}
    uintx NonNMethodCodeHeapSize                   = 5826188                                {pd product} {ergonomic}
    uintx NonProfiledCodeHeapSize                  = 122916026                              {pd product} {ergonomic}
    uintx ProfiledCodeHeapSize                     = 122916026                              {pd product} {ergonomic}
    uintx ReservedCodeCacheSize                    = 251658240                              {pd product} {ergonomic}
     bool SegmentedCodeCache                       = true                                      {product} {ergonomic}
     bool ShowCodeDetailsInExceptionMessages       = true                                   {manageable} {command line}
   size_t SoftMaxHeapSize                          = 1602224128                             {manageable} {ergonomic}
     bool UseCompressedClassPointers               = true                           {product lp64_product} {ergonomic}
     bool UseCompressedOops                        = true                           {product lp64_product} {ergonomic}
     bool UseG1GC                                  = true                                      {product} {ergonomic}
     bool UseLargePagesIndividualAllocation        = false                                  {pd product} {ergonomic}

Logging:
Log output configuration:
 #0: stdout all=warning uptime,level,tags
 #1: stderr all=off uptime,level,tags

Environment Variables:
PATH=C:/Users/Talavera/.p2/pool/plugins/org.eclipse.justj.openjdk.hotspot.jre.full.win32.x86_64_17.0.6.v20230204-1729/jre/bin/server;C:/Users/Talavera/.p2/pool/plugins/org.eclipse.justj.openjdk.hotspot.jre.full.win32.x86_64_17.0.6.v20230204-1729/jre/bin;C:\Program Files (x86)\Common Files\Oracle\Java\javapath;C:\WINDOWS\system32;C:\WINDOWS;C:\WINDOWS\System32\Wbem;C:\WINDOWS\System32\WindowsPowerShell\v1.0\;C:\WINDOWS\System32\OpenSSH\;C:\Program Files\Git\cmd;C:\Users\Talavera\AppData\Local\Microsoft\WindowsApps;;C:\Users\Talavera\AppData\Local\Programs\Microsoft VS Code\bin;C:\Users\Talavera\Desktop;
USERNAME=Talavera
OS=Windows_NT
PROCESSOR_IDENTIFIER=Intel64 Family 6 Model 23 Stepping 10, GenuineIntel
TMP=C:\Users\Talavera\AppData\Local\Temp
TEMP=C:\Users\Talavera\AppData\Local\Temp



---------------  S Y S T E M  ---------------

OS:
 Windows 10 , 64 bit Build 19041 (10.0.19041.2913)
OS uptime: 8 days 12:05 hours

CPU: total 2 (initial active 2) (2 cores per cpu, 1 threads per core) family 6 model 23 stepping 10 microcode 0xa0c, cx8, cmov, fxsr, mmx, sse, sse2, sse3, ssse3, tsc, clflush

Memory: 4k page, system-wide physical 6109M (206M free)
TotalPageFile size 24541M (AvailPageFile size 0M)
current process WorkingSet (physical memory assigned to process): 176M, peak: 178M
current process commit charge ("private bytes"): 207M, peak: 212M

vm_info: OpenJDK 64-Bit Server VM (17.0.6+10) for windows-amd64 JRE (17.0.6+10), built on Jan 18 2023 10:08:59 by "temurin" with MS VC++ 16.7 (VS2019)

END.
