#
# A fatal error has been detected by the Java Runtime Environment:
#
#  EXCEPTION_ACCESS_VIOLATION (0xc0000005) at pc=0x00007ffefd5e6826, pid=23016, tid=19808
#
# JRE version:  (17.0.6+10) (build )
# Java VM: OpenJDK 64-Bit Server VM (17.0.6+10, mixed mode, tiered, compressed oops, compressed class ptrs, g1 gc, windows-amd64)
# Problematic frame:
# V  [jvm.dll+0x386826]
#
# No core dump will be written. Minidumps are not enabled by default on client versions of Windows
#
#

---------------  S U M M A R Y ------------

Command Line: -Dfile.encoding=UTF-8 -XX:+ShowCodeDetailsInExceptionMessages loginInvents.mainFrame

Host: Pentium(R) Dual-Core  CPU      E6600  @ 3.06GHz, 2 cores, 5G,  Windows 10 , 64 bit Build 19041 (10.0.19041.2913)
Time: Sat May 20 14:23:05 2023 China Standard Time elapsed time: 0.604948 seconds (0d 0h 0m 0s)

---------------  T H R E A D  ---------------

Current thread (0x0000026a9957bf90):  JavaThread "Finalizer" daemon [_thread_in_vm, id=19808, stack(0x000000e5e3000000,0x000000e5e3100000)]

Stack: [0x000000e5e3000000,0x000000e5e3100000],  sp=0x000000e5e30ff3c0,  free space=1020k
Native frames: (J=compiled Java code, j=interpreted, Vv=VM code, C=native code)
V  [jvm.dll+0x386826]
V  [jvm.dll+0x677342]
V  [jvm.dll+0x38747b]
V  [jvm.dll+0x387707]
V  [jvm.dll+0x40cca1]
V  [jvm.dll+0x7ea2cb]
V  [jvm.dll+0x7e483a]
V  [jvm.dll+0x6762c5]
C  [ucrtbase.dll+0x21bb2]
C  [KERNEL32.DLL+0x17614]
C  [ntdll.dll+0x526a1]


siginfo: EXCEPTION_ACCESS_VIOLATION (0xc0000005), writing address 0x000000e5e30f83c0


Register to memory mapping:

RIP=0x00007ffefd5e6826 jvm.dll
RAX=0x0000000000000001 is an unknown value
RBX=0x000000e5e30f83c0 is pointing into the stack for thread: 0x0000026a9957bf90
RCX=0x0000000000001000 is an unknown value
RDX=0x0 is NULL
RSP=0x000000e5e30ff3c0 is pointing into the stack for thread: 0x0000026a9957bf90
RBP=0x000000e5e30ff4c0 is pointing into the stack for thread: 0x0000026a9957bf90
RSI=0x000000e5e30ff660 is pointing into the stack for thread: 0x0000026a9957bf90
RDI=0x0000026a9957bf90 is a thread
R8 =0x000000e5e30ff3c0 is pointing into the stack for thread: 0x0000026a9957bf90
R9 =0x0000000000000153 is an unknown value
R10=0x000000e5e30ff590 is pointing into the stack for thread: 0x0000026a9957bf90
R11=0x000000e5e30ff730 is pointing into the stack for thread: 0x0000026a9957bf90
R12=0x000000e5e30ff730 is pointing into the stack for thread: 0x0000026a9957bf90
R13=0x000000e5e30ff590 is pointing into the stack for thread: 0x0000026a9957bf90
R14=0x0000026a9957c860 points into unknown readable memory: 0x00000000a670c030 | 30 c0 70 a6 00 00 00 00
R15=0x000000000000000a is an unknown value


Registers:
RAX=0x0000000000000001, RBX=0x000000e5e30f83c0, RCX=0x0000000000001000, RDX=0x0000000000000000
RSP=0x000000e5e30ff3c0, RBP=0x000000e5e30ff4c0, RSI=0x000000e5e30ff660, RDI=0x0000026a9957bf90
R8 =0x000000e5e30ff3c0, R9 =0x0000000000000153, R10=0x000000e5e30ff590, R11=0x000000e5e30ff730
R12=0x000000e5e30ff730, R13=0x000000e5e30ff590, R14=0x0000026a9957c860, R15=0x000000000000000a
RIP=0x00007ffefd5e6826, EFLAGS=0x0000000000010206

Top of Stack: (sp=0x000000e5e30ff3c0)
0x000000e5e30ff3c0:   000000e5e30ff3c0 000000e5e30ff660
0x000000e5e30ff3d0:   000000e5e30ff5a0 0000026a9957bf90
0x000000e5e30ff3e0:   000000e5e30ff4b8 00007ffefd4740ce
0x000000e5e30ff3f0:   00007fff30e10000 0000026a9957c860
0x000000e5e30ff400:   0000000000000000 00007fff30e10000
0x000000e5e30ff410:   000000e5e30ff4b8 00007ffefd474518
0x000000e5e30ff420:   0000000000000000 00007fff30e84c28
0x000000e5e30ff430:   000000e5e30ff480 0000000000000000
0x000000e5e30ff440:   0000026a8bf3c440 00007ffefd5aaad6
0x000000e5e30ff450:   000000e5e30ff5f8 000000e5e30ff540
0x000000e5e30ff460:   0000000000000000 00007fff30e3b86b
0x000000e5e30ff470:   0000000000000005 00007ffefd7bed0e
0x000000e5e30ff480:   0000026a999acaf8 0000026a9957bf90
0x000000e5e30ff490:   0000000000000000 00007fff30e3b86b
0x000000e5e30ff4a0:   0000000000000000 0000026a9957c860
0x000000e5e30ff4b0:   0000026a999acaf8 0000026a999acaf8 

Instructions: (pc=0x00007ffefd5e6826)
0x00007ffefd5e6726:   00 00 00 0b 00 00 00 c6 85 80 00 00 00 00 eb 6e
0x00007ffefd5e6736:   c7 85 88 00 00 00 06 00 00 00 c6 85 80 00 00 00
0x00007ffefd5e6746:   00 eb 5b c7 85 88 00 00 00 07 00 00 00 c6 85 80
0x00007ffefd5e6756:   00 00 00 00 eb 48 ba b5 00 00 00 48 8d 0d c0 d5
0x00007ffefd5e6766:   5d 00 e8 a3 ee eb ff e8 1e 08 2f 00 41 8b 14 24
0x00007ffefd5e6776:   41 bf 63 00 00 00 44 89 bd 88 00 00 00 83 fa 0c
0x00007ffefd5e6786:   74 0e 83 fa 0d 74 09 c6 85 80 00 00 00 00 eb 0e
0x00007ffefd5e6796:   c6 85 80 00 00 00 01 44 89 bd 88 00 00 00 49 8b
0x00007ffefd5e67a6:   45 00 8b 48 28 c1 e9 03 f6 c1 01 75 0d 48 8b 46
0x00007ffefd5e67b6:   58 4c 8b 30 4c 89 75 e8 eb 07 48 89 5d f0 4c 8b
0x00007ffefd5e67c6:   f3 48 8d 8f a8 03 00 00 e8 4d 23 3d 00 e8 d8 08
0x00007ffefd5e67d6:   2f 00 4c 8b c0 49 8b d5 48 8b cf 48 8b d8 e8 77
0x00007ffefd5e67e6:   51 2e 00 84 c0 75 1d 4d 8b cd 48 8d 15 31 d5 5d
0x00007ffefd5e67f6:   00 41 b8 90 01 00 00 48 8b cf e8 8b 78 f3 ff e9
0x00007ffefd5e6806:   6d 04 00 00 48 63 0d 0f 97 7f 00 33 d2 48 8b 05
0x00007ffefd5e6816:   e6 e4 7f 00 48 f7 f1 48 83 f8 01 72 0c 48 2b d9
0x00007ffefd5e6826:   c6 03 00 48 83 e8 01 75 f4 33 c0 48 8b cf 48 89
0x00007ffefd5e6836:   44 24 60 b3 01 48 89 44 24 70 48 89 44 24 68 48
0x00007ffefd5e6846:   8b 07 ff 50 38 84 c0 75 24 4c 8d 0d 5a d4 5d 00
0x00007ffefd5e6856:   ba 3b 00 00 00 4c 8d 05 96 d4 5d 00 48 8d 0d bf
0x00007ffefd5e6866:   d4 5d 00 e8 02 ee eb ff e8 1d 07 2f 00 48 8b 07
0x00007ffefd5e6876:   48 8b cf ff 90 a0 00 00 00 84 c0 75 24 4c 8d 0d
0x00007ffefd5e6886:   ce d4 5d 00 ba 3d 00 00 00 4c 8d 05 f2 d4 5d 00
0x00007ffefd5e6896:   48 8d 0d 8b d4 5d 00 e8 ce ed eb ff e8 e9 06 2f
0x00007ffefd5e68a6:   00 33 d2 4c 89 64 24 78 48 8b cf e8 6a 1d 08 00
0x00007ffefd5e68b6:   4c 8b f8 c7 87 38 03 00 00 07 00 00 00 e8 98 1a
0x00007ffefd5e68c6:   2e 00 48 8b 8f 40 03 00 00 84 cb 74 0b 0f b6 d3
0x00007ffefd5e68d6:   48 8b cf e8 02 14 35 00 83 bf 2c 03 00 00 00 c7
0x00007ffefd5e68e6:   87 38 03 00 00 08 00 00 00 75 0a 8b 87 28 03 00
0x00007ffefd5e68f6:   00 a8 0c 74 1d 0f b6 d3 48 8b cf e8 0a 07 46 00
0x00007ffefd5e6906:   48 83 7f 08 00 ba 00 00 00 00 0f b6 db 0f 45 da
0x00007ffefd5e6916:   eb 02 33 d2 49 8b 45 00 48 89 44 24 50 4d 85 f6 


Stack slot to memory mapping:
stack at sp + 0 slots: 0x000000e5e30ff3c0 is pointing into the stack for thread: 0x0000026a9957bf90
stack at sp + 1 slots: 0x000000e5e30ff660 is pointing into the stack for thread: 0x0000026a9957bf90
stack at sp + 2 slots: 0x000000e5e30ff5a0 is pointing into the stack for thread: 0x0000026a9957bf90
stack at sp + 3 slots: 0x0000026a9957bf90 is a thread
stack at sp + 4 slots: 0x000000e5e30ff4b8 is pointing into the stack for thread: 0x0000026a9957bf90
stack at sp + 5 slots: 0x00007ffefd4740ce jvm.dll
stack at sp + 6 slots: 0x00007fff30e10000 ntdll.dll
stack at sp + 7 slots: 0x0000026a9957c860 points into unknown readable memory: 0x00000000a670c030 | 30 c0 70 a6 00 00 00 00


---------------  P R O C E S S  ---------------

Threads class SMR info:
_java_thread_list=0x0000026a995b4060, length=8, elements={
0x0000026aff9d7830, 0x0000026a995797e0, 0x0000026a9957bf90, 0x0000026a995493f0,
0x0000026a99549cb0, 0x0000026a9954a570, 0x0000026a9954ae30, 0x0000026a995b7340
}

Java Threads: ( => current thread )
  0x0000026aff9d7830 JavaThread "main" [_thread_in_vm, id=8260, stack(0x000000e5e2800000,0x000000e5e2900000)]
  0x0000026a995797e0 JavaThread "Reference Handler" daemon [_thread_blocked, id=5240, stack(0x000000e5e2f00000,0x000000e5e3000000)]
=>0x0000026a9957bf90 JavaThread "Finalizer" daemon [_thread_in_vm, id=19808, stack(0x000000e5e3000000,0x000000e5e3100000)]
  0x0000026a995493f0 JavaThread "Signal Dispatcher" daemon [_thread_new, id=22900, stack(0x0000000000000000,0x0000000000000000)]
  0x0000026a99549cb0 JavaThread "Attach Listener" daemon [_thread_new, id=9980, stack(0x0000000000000000,0x0000000000000000)]
  0x0000026a9954a570 JavaThread "Service Thread" daemon [_thread_new, id=15468, stack(0x0000000000000000,0x0000000000000000)]
  0x0000026a9954ae30 JavaThread "Monitor Deflation Thread" daemon [_thread_new, id=10840, stack(0x0000000000000000,0x0000000000000000)]
  0x0000026a995b7340 JavaThread "C2 CompilerThread0" daemon [_thread_blocked, id=9664, stack(0x000000e5e3500000,0x000000e5e3600000)]

Other Threads:
  0x0000026a994f94c0 VMThread "VM Thread" [stack: 0x000000e5e2e00000,0x000000e5e2f00000] [id=19616]
  0x0000026affa25320 GCTaskThread "GC Thread#0" [stack: 0x000000e5e2900000,0x000000e5e2a00000] [id=5520]
  0x0000026affa32160 ConcurrentGCThread "G1 Main Marker" [stack: 0x000000e5e2a00000,0x000000e5e2b00000] [id=16500]
  0x0000026affa33450 ConcurrentGCThread "G1 Conc#0" [stack: 0x000000e5e2b00000,0x000000e5e2c00000] [id=18988]
  0x0000026affa8ae90 ConcurrentGCThread "G1 Refine#0" [stack: 0x000000e5e2c00000,0x000000e5e2d00000] [id=6212]
  0x0000026affa8b8b0 ConcurrentGCThread "G1 Service" [stack: 0x000000e5e2d00000,0x000000e5e2e00000] [id=19984]

Threads with active compile tasks:

VM state: not at safepoint (normal execution)

VM Mutex/Monitor currently owned by a thread: None

Heap address: 0x00000000a0800000, size: 1528 MB, Compressed Oops mode: 32-bit

CDS archive(s) not mapped
Compressed class space mapped at: 0x0000000100000000-0x0000000140000000, reserved size: 1073741824
Narrow klass base: 0x0000000000000000, Narrow klass shift: 3, Narrow klass range: 0x140000000

GC Precious Log:
 CPUs: 2 total, 2 available
 Memory: 6109M
 Large Page Support: Disabled
 NUMA Support: Disabled
 Compressed Oops: Enabled (32-bit)
 Heap Region Size: 1M
 Heap Min Capacity: 8M
 Heap Initial Capacity: 96M
 Heap Max Capacity: 1528M
 Pre-touch: Disabled
 Parallel Workers: 2
 Concurrent Workers: 1
 Concurrent Refinement Workers: 2
 Periodic GC: Disabled

Heap:
 garbage-first heap   total 98304K, used 0K [0x00000000a0800000, 0x0000000100000000)
  region size 1024K, 1 young (1024K), 0 survivors (0K)
 Metaspace       used 2524K, committed 2560K, reserved 1056768K
  class space    used 188K, committed 192K, reserved 1048576K

Heap Regions: E=young(eden), S=young(survivor), O=old, HS=humongous(starts), HC=humongous(continues), CS=collection set, F=free, OA=open archive, CA=closed archive, TAMS=top-at-mark-start (previous, next)
|   0|0x00000000a0800000, 0x00000000a0800000, 0x00000000a0900000|  0%| F|  |TAMS 0x00000000a0800000, 0x00000000a0800000| Untracked 
|   1|0x00000000a0900000, 0x00000000a0900000, 0x00000000a0a00000|  0%| F|  |TAMS 0x00000000a0900000, 0x00000000a0900000| Untracked 
|   2|0x00000000a0a00000, 0x00000000a0a00000, 0x00000000a0b00000|  0%| F|  |TAMS 0x00000000a0a00000, 0x00000000a0a00000| Untracked 
|   3|0x00000000a0b00000, 0x00000000a0b00000, 0x00000000a0c00000|  0%| F|  |TAMS 0x00000000a0b00000, 0x00000000a0b00000| Untracked 
|   4|0x00000000a0c00000, 0x00000000a0c00000, 0x00000000a0d00000|  0%| F|  |TAMS 0x00000000a0c00000, 0x00000000a0c00000| Untracked 
|   5|0x00000000a0d00000, 0x00000000a0d00000, 0x00000000a0e00000|  0%| F|  |TAMS 0x00000000a0d00000, 0x00000000a0d00000| Untracked 
|   6|0x00000000a0e00000, 0x00000000a0e00000, 0x00000000a0f00000|  0%| F|  |TAMS 0x00000000a0e00000, 0x00000000a0e00000| Untracked 
|   7|0x00000000a0f00000, 0x00000000a0f00000, 0x00000000a1000000|  0%| F|  |TAMS 0x00000000a0f00000, 0x00000000a0f00000| Untracked 
|   8|0x00000000a1000000, 0x00000000a1000000, 0x00000000a1100000|  0%| F|  |TAMS 0x00000000a1000000, 0x00000000a1000000| Untracked 
|   9|0x00000000a1100000, 0x00000000a1100000, 0x00000000a1200000|  0%| F|  |TAMS 0x00000000a1100000, 0x00000000a1100000| Untracked 
|  10|0x00000000a1200000, 0x00000000a1200000, 0x00000000a1300000|  0%| F|  |TAMS 0x00000000a1200000, 0x00000000a1200000| Untracked 
|  11|0x00000000a1300000, 0x00000000a1300000, 0x00000000a1400000|  0%| F|  |TAMS 0x00000000a1300000, 0x00000000a1300000| Untracked 
|  12|0x00000000a1400000, 0x00000000a1400000, 0x00000000a1500000|  0%| F|  |TAMS 0x00000000a1400000, 0x00000000a1400000| Untracked 
|  13|0x00000000a1500000, 0x00000000a1500000, 0x00000000a1600000|  0%| F|  |TAMS 0x00000000a1500000, 0x00000000a1500000| Untracked 
|  14|0x00000000a1600000, 0x00000000a1600000, 0x00000000a1700000|  0%| F|  |TAMS 0x00000000a1600000, 0x00000000a1600000| Untracked 
|  15|0x00000000a1700000, 0x00000000a1700000, 0x00000000a1800000|  0%| F|  |TAMS 0x00000000a1700000, 0x00000000a1700000| Untracked 
|  16|0x00000000a1800000, 0x00000000a1800000, 0x00000000a1900000|  0%| F|  |TAMS 0x00000000a1800000, 0x00000000a1800000| Untracked 
|  17|0x00000000a1900000, 0x00000000a1900000, 0x00000000a1a00000|  0%| F|  |TAMS 0x00000000a1900000, 0x00000000a1900000| Untracked 
|  18|0x00000000a1a00000, 0x00000000a1a00000, 0x00000000a1b00000|  0%| F|  |TAMS 0x00000000a1a00000, 0x00000000a1a00000| Untracked 
|  19|0x00000000a1b00000, 0x00000000a1b00000, 0x00000000a1c00000|  0%| F|  |TAMS 0x00000000a1b00000, 0x00000000a1b00000| Untracked 
|  20|0x00000000a1c00000, 0x00000000a1c00000, 0x00000000a1d00000|  0%| F|  |TAMS 0x00000000a1c00000, 0x00000000a1c00000| Untracked 
|  21|0x00000000a1d00000, 0x00000000a1d00000, 0x00000000a1e00000|  0%| F|  |TAMS 0x00000000a1d00000, 0x00000000a1d00000| Untracked 
|  22|0x00000000a1e00000, 0x00000000a1e00000, 0x00000000a1f00000|  0%| F|  |TAMS 0x00000000a1e00000, 0x00000000a1e00000| Untracked 
|  23|0x00000000a1f00000, 0x00000000a1f00000, 0x00000000a2000000|  0%| F|  |TAMS 0x00000000a1f00000, 0x00000000a1f00000| Untracked 
|  24|0x00000000a2000000, 0x00000000a2000000, 0x00000000a2100000|  0%| F|  |TAMS 0x00000000a2000000, 0x00000000a2000000| Untracked 
|  25|0x00000000a2100000, 0x00000000a2100000, 0x00000000a2200000|  0%| F|  |TAMS 0x00000000a2100000, 0x00000000a2100000| Untracked 
|  26|0x00000000a2200000, 0x00000000a2200000, 0x00000000a2300000|  0%| F|  |TAMS 0x00000000a2200000, 0x00000000a2200000| Untracked 
|  27|0x00000000a2300000, 0x00000000a2300000, 0x00000000a2400000|  0%| F|  |TAMS 0x00000000a2300000, 0x00000000a2300000| Untracked 
|  28|0x00000000a2400000, 0x00000000a2400000, 0x00000000a2500000|  0%| F|  |TAMS 0x00000000a2400000, 0x00000000a2400000| Untracked 
|  29|0x00000000a2500000, 0x00000000a2500000, 0x00000000a2600000|  0%| F|  |TAMS 0x00000000a2500000, 0x00000000a2500000| Untracked 
|  30|0x00000000a2600000, 0x00000000a2600000, 0x00000000a2700000|  0%| F|  |TAMS 0x00000000a2600000, 0x00000000a2600000| Untracked 
|  31|0x00000000a2700000, 0x00000000a2700000, 0x00000000a2800000|  0%| F|  |TAMS 0x00000000a2700000, 0x00000000a2700000| Untracked 
|  32|0x00000000a2800000, 0x00000000a2800000, 0x00000000a2900000|  0%| F|  |TAMS 0x00000000a2800000, 0x00000000a2800000| Untracked 
|  33|0x00000000a2900000, 0x00000000a2900000, 0x00000000a2a00000|  0%| F|  |TAMS 0x00000000a2900000, 0x00000000a2900000| Untracked 
|  34|0x00000000a2a00000, 0x00000000a2a00000, 0x00000000a2b00000|  0%| F|  |TAMS 0x00000000a2a00000, 0x00000000a2a00000| Untracked 
|  35|0x00000000a2b00000, 0x00000000a2b00000, 0x00000000a2c00000|  0%| F|  |TAMS 0x00000000a2b00000, 0x00000000a2b00000| Untracked 
|  36|0x00000000a2c00000, 0x00000000a2c00000, 0x00000000a2d00000|  0%| F|  |TAMS 0x00000000a2c00000, 0x00000000a2c00000| Untracked 
|  37|0x00000000a2d00000, 0x00000000a2d00000, 0x00000000a2e00000|  0%| F|  |TAMS 0x00000000a2d00000, 0x00000000a2d00000| Untracked 
|  38|0x00000000a2e00000, 0x00000000a2e00000, 0x00000000a2f00000|  0%| F|  |TAMS 0x00000000a2e00000, 0x00000000a2e00000| Untracked 
|  39|0x00000000a2f00000, 0x00000000a2f00000, 0x00000000a3000000|  0%| F|  |TAMS 0x00000000a2f00000, 0x00000000a2f00000| Untracked 
|  40|0x00000000a3000000, 0x00000000a3000000, 0x00000000a3100000|  0%| F|  |TAMS 0x00000000a3000000, 0x00000000a3000000| Untracked 
|  41|0x00000000a3100000, 0x00000000a3100000, 0x00000000a3200000|  0%| F|  |TAMS 0x00000000a3100000, 0x00000000a3100000| Untracked 
|  42|0x00000000a3200000, 0x00000000a3200000, 0x00000000a3300000|  0%| F|  |TAMS 0x00000000a3200000, 0x00000000a3200000| Untracked 
|  43|0x00000000a3300000, 0x00000000a3300000, 0x00000000a3400000|  0%| F|  |TAMS 0x00000000a3300000, 0x00000000a3300000| Untracked 
|  44|0x00000000a3400000, 0x00000000a3400000, 0x00000000a3500000|  0%| F|  |TAMS 0x00000000a3400000, 0x00000000a3400000| Untracked 
|  45|0x00000000a3500000, 0x00000000a3500000, 0x00000000a3600000|  0%| F|  |TAMS 0x00000000a3500000, 0x00000000a3500000| Untracked 
|  46|0x00000000a3600000, 0x00000000a3600000, 0x00000000a3700000|  0%| F|  |TAMS 0x00000000a3600000, 0x00000000a3600000| Untracked 
|  47|0x00000000a3700000, 0x00000000a3700000, 0x00000000a3800000|  0%| F|  |TAMS 0x00000000a3700000, 0x00000000a3700000| Untracked 
|  48|0x00000000a3800000, 0x00000000a3800000, 0x00000000a3900000|  0%| F|  |TAMS 0x00000000a3800000, 0x00000000a3800000| Untracked 
|  49|0x00000000a3900000, 0x00000000a3900000, 0x00000000a3a00000|  0%| F|  |TAMS 0x00000000a3900000, 0x00000000a3900000| Untracked 
|  50|0x00000000a3a00000, 0x00000000a3a00000, 0x00000000a3b00000|  0%| F|  |TAMS 0x00000000a3a00000, 0x00000000a3a00000| Untracked 
|  51|0x00000000a3b00000, 0x00000000a3b00000, 0x00000000a3c00000|  0%| F|  |TAMS 0x00000000a3b00000, 0x00000000a3b00000| Untracked 
|  52|0x00000000a3c00000, 0x00000000a3c00000, 0x00000000a3d00000|  0%| F|  |TAMS 0x00000000a3c00000, 0x00000000a3c00000| Untracked 
|  53|0x00000000a3d00000, 0x00000000a3d00000, 0x00000000a3e00000|  0%| F|  |TAMS 0x00000000a3d00000, 0x00000000a3d00000| Untracked 
|  54|0x00000000a3e00000, 0x00000000a3e00000, 0x00000000a3f00000|  0%| F|  |TAMS 0x00000000a3e00000, 0x00000000a3e00000| Untracked 
|  55|0x00000000a3f00000, 0x00000000a3f00000, 0x00000000a4000000|  0%| F|  |TAMS 0x00000000a3f00000, 0x00000000a3f00000| Untracked 
|  56|0x00000000a4000000, 0x00000000a4000000, 0x00000000a4100000|  0%| F|  |TAMS 0x00000000a4000000, 0x00000000a4000000| Untracked 
|  57|0x00000000a4100000, 0x00000000a4100000, 0x00000000a4200000|  0%| F|  |TAMS 0x00000000a4100000, 0x00000000a4100000| Untracked 
|  58|0x00000000a4200000, 0x00000000a4200000, 0x00000000a4300000|  0%| F|  |TAMS 0x00000000a4200000, 0x00000000a4200000| Untracked 
|  59|0x00000000a4300000, 0x00000000a4300000, 0x00000000a4400000|  0%| F|  |TAMS 0x00000000a4300000, 0x00000000a4300000| Untracked 
|  60|0x00000000a4400000, 0x00000000a4400000, 0x00000000a4500000|  0%| F|  |TAMS 0x00000000a4400000, 0x00000000a4400000| Untracked 
|  61|0x00000000a4500000, 0x00000000a4500000, 0x00000000a4600000|  0%| F|  |TAMS 0x00000000a4500000, 0x00000000a4500000| Untracked 
|  62|0x00000000a4600000, 0x00000000a4600000, 0x00000000a4700000|  0%| F|  |TAMS 0x00000000a4600000, 0x00000000a4600000| Untracked 
|  63|0x00000000a4700000, 0x00000000a4700000, 0x00000000a4800000|  0%| F|  |TAMS 0x00000000a4700000, 0x00000000a4700000| Untracked 
|  64|0x00000000a4800000, 0x00000000a4800000, 0x00000000a4900000|  0%| F|  |TAMS 0x00000000a4800000, 0x00000000a4800000| Untracked 
|  65|0x00000000a4900000, 0x00000000a4900000, 0x00000000a4a00000|  0%| F|  |TAMS 0x00000000a4900000, 0x00000000a4900000| Untracked 
|  66|0x00000000a4a00000, 0x00000000a4a00000, 0x00000000a4b00000|  0%| F|  |TAMS 0x00000000a4a00000, 0x00000000a4a00000| Untracked 
|  67|0x00000000a4b00000, 0x00000000a4b00000, 0x00000000a4c00000|  0%| F|  |TAMS 0x00000000a4b00000, 0x00000000a4b00000| Untracked 
|  68|0x00000000a4c00000, 0x00000000a4c00000, 0x00000000a4d00000|  0%| F|  |TAMS 0x00000000a4c00000, 0x00000000a4c00000| Untracked 
|  69|0x00000000a4d00000, 0x00000000a4d00000, 0x00000000a4e00000|  0%| F|  |TAMS 0x00000000a4d00000, 0x00000000a4d00000| Untracked 
|  70|0x00000000a4e00000, 0x00000000a4e00000, 0x00000000a4f00000|  0%| F|  |TAMS 0x00000000a4e00000, 0x00000000a4e00000| Untracked 
|  71|0x00000000a4f00000, 0x00000000a4f00000, 0x00000000a5000000|  0%| F|  |TAMS 0x00000000a4f00000, 0x00000000a4f00000| Untracked 
|  72|0x00000000a5000000, 0x00000000a5000000, 0x00000000a5100000|  0%| F|  |TAMS 0x00000000a5000000, 0x00000000a5000000| Untracked 
|  73|0x00000000a5100000, 0x00000000a5100000, 0x00000000a5200000|  0%| F|  |TAMS 0x00000000a5100000, 0x00000000a5100000| Untracked 
|  74|0x00000000a5200000, 0x00000000a5200000, 0x00000000a5300000|  0%| F|  |TAMS 0x00000000a5200000, 0x00000000a5200000| Untracked 
|  75|0x00000000a5300000, 0x00000000a5300000, 0x00000000a5400000|  0%| F|  |TAMS 0x00000000a5300000, 0x00000000a5300000| Untracked 
|  76|0x00000000a5400000, 0x00000000a5400000, 0x00000000a5500000|  0%| F|  |TAMS 0x00000000a5400000, 0x00000000a5400000| Untracked 
|  77|0x00000000a5500000, 0x00000000a5500000, 0x00000000a5600000|  0%| F|  |TAMS 0x00000000a5500000, 0x00000000a5500000| Untracked 
|  78|0x00000000a5600000, 0x00000000a5600000, 0x00000000a5700000|  0%| F|  |TAMS 0x00000000a5600000, 0x00000000a5600000| Untracked 
|  79|0x00000000a5700000, 0x00000000a5700000, 0x00000000a5800000|  0%| F|  |TAMS 0x00000000a5700000, 0x00000000a5700000| Untracked 
|  80|0x00000000a5800000, 0x00000000a5800000, 0x00000000a5900000|  0%| F|  |TAMS 0x00000000a5800000, 0x00000000a5800000| Untracked 
|  81|0x00000000a5900000, 0x00000000a5900000, 0x00000000a5a00000|  0%| F|  |TAMS 0x00000000a5900000, 0x00000000a5900000| Untracked 
|  82|0x00000000a5a00000, 0x00000000a5a00000, 0x00000000a5b00000|  0%| F|  |TAMS 0x00000000a5a00000, 0x00000000a5a00000| Untracked 
|  83|0x00000000a5b00000, 0x00000000a5b00000, 0x00000000a5c00000|  0%| F|  |TAMS 0x00000000a5b00000, 0x00000000a5b00000| Untracked 
|  84|0x00000000a5c00000, 0x00000000a5c00000, 0x00000000a5d00000|  0%| F|  |TAMS 0x00000000a5c00000, 0x00000000a5c00000| Untracked 
|  85|0x00000000a5d00000, 0x00000000a5d00000, 0x00000000a5e00000|  0%| F|  |TAMS 0x00000000a5d00000, 0x00000000a5d00000| Untracked 
|  86|0x00000000a5e00000, 0x00000000a5e00000, 0x00000000a5f00000|  0%| F|  |TAMS 0x00000000a5e00000, 0x00000000a5e00000| Untracked 
|  87|0x00000000a5f00000, 0x00000000a5f00000, 0x00000000a6000000|  0%| F|  |TAMS 0x00000000a5f00000, 0x00000000a5f00000| Untracked 
|  88|0x00000000a6000000, 0x00000000a6000000, 0x00000000a6100000|  0%| F|  |TAMS 0x00000000a6000000, 0x00000000a6000000| Untracked 
|  89|0x00000000a6100000, 0x00000000a6100000, 0x00000000a6200000|  0%| F|  |TAMS 0x00000000a6100000, 0x00000000a6100000| Untracked 
|  90|0x00000000a6200000, 0x00000000a6200000, 0x00000000a6300000|  0%| F|  |TAMS 0x00000000a6200000, 0x00000000a6200000| Untracked 
|  91|0x00000000a6300000, 0x00000000a6300000, 0x00000000a6400000|  0%| F|  |TAMS 0x00000000a6300000, 0x00000000a6300000| Untracked 
|  92|0x00000000a6400000, 0x00000000a6400000, 0x00000000a6500000|  0%| F|  |TAMS 0x00000000a6400000, 0x00000000a6400000| Untracked 
|  93|0x00000000a6500000, 0x00000000a6500000, 0x00000000a6600000|  0%| F|  |TAMS 0x00000000a6500000, 0x00000000a6500000| Untracked 
|  94|0x00000000a6600000, 0x00000000a6600000, 0x00000000a6700000|  0%| F|  |TAMS 0x00000000a6600000, 0x00000000a6600000| Untracked 
|  95|0x00000000a6700000, 0x00000000a6724c10, 0x00000000a6800000| 14%| E|  |TAMS 0x00000000a6700000, 0x00000000a6700000| Complete 

Card table byte_map: [0x0000026a93d00000,0x0000026a94000000] _byte_map_base: 0x0000026a937fc000

Marking Bits (Prev, Next): (CMBitMap*) 0x0000026affa25930, (CMBitMap*) 0x0000026affa25970
 Prev Bits: [0x0000026a94300000, 0x0000026a95ae0000)
 Next Bits: [0x0000026a95ae0000, 0x0000026a972c0000)

Polling page: 0x0000026aff540000

Metaspace:

Usage:
  Non-class:      2.28 MB used.
      Class:    188.33 KB used.
       Both:      2.47 MB used.

Virtual space:
  Non-class space:        8.00 MB reserved,       2.31 MB ( 29%) committed,  1 nodes.
      Class space:        1.00 GB reserved,     192.00 KB ( <1%) committed,  1 nodes.
             Both:        1.01 GB reserved,       2.50 MB ( <1%) committed. 

Chunk freelists:
   Non-Class:  0 bytes
       Class:  3.75 MB
        Both:  3.75 MB

MaxMetaspaceSize: unlimited
CompressedClassSpaceSize: 1.00 GB
Initial GC threshold: 21.00 MB
Current GC threshold: 21.00 MB
CDS: off
MetaspaceReclaimPolicy: balanced
 - commit_granule_bytes: 65536.
 - commit_granule_words: 8192.
 - virtual_space_node_default_size: 1048576.
 - enlarge_chunks_in_place: 1.
 - new_chunks_are_fully_committed: 0.
 - uncommit_free_chunks: 1.
 - use_allocation_guard: 0.
 - handle_deallocations: 1.


Internal statistics:

num_allocs_failed_limit: 0.
num_arena_births: 2.
num_arena_deaths: 0.
num_vsnodes_births: 2.
num_vsnodes_deaths: 0.
num_space_committed: 40.
num_space_uncommitted: 0.
num_chunks_returned_to_freelist: 0.
num_chunks_taken_from_freelist: 3.
num_chunk_merges: 0.
num_chunk_splits: 1.
num_chunks_enlarged: 0.
num_purges: 0.
num_inconsistent_stats: 0.

CodeHeap 'non-profiled nmethods': size=120064Kb used=0Kb max_used=0Kb free=120064Kb
 bounds [0x0000026a8c4c0000, 0x0000026a8c730000, 0x0000026a93a00000]
CodeHeap 'profiled nmethods': size=120000Kb used=0Kb max_used=0Kb free=120000Kb
 bounds [0x0000026a84a00000, 0x0000026a84c70000, 0x0000026a8bf30000]
CodeHeap 'non-nmethods': size=5696Kb used=412Kb max_used=425Kb free=5283Kb
 bounds [0x0000026a8bf30000, 0x0000026a8c1a0000, 0x0000026a8c4c0000]
 total_blobs=219 nmethods=0 adapters=170
 compilation: enabled
              stopped_count=0, restarted_count=0
 full_count=0

Compilation events (0 events):
No events

GC Heap History (0 events):
No events

Dll operation events (1 events):
Event: 0.011 Loaded shared library C:\Users\Talavera\.p2\pool\plugins\org.eclipse.justj.openjdk.hotspot.jre.full.win32.x86_64_17.0.6.v20230204-1729\jre\bin\java.dll

Deoptimization events (0 events):
No events

Classes unloaded (0 events):
No events

Classes redefined (0 events):
No events

Internal exceptions (0 events):
No events

VM Operations (0 events):
No events

Events (20 events):
Event: 0.556 loading class java/lang/ref/ReferenceQueue$Null
Event: 0.556 loading class java/lang/ref/ReferenceQueue$Null done
Event: 0.556 loading class java/lang/ref/ReferenceQueue$Lock
Event: 0.556 loading class java/lang/ref/ReferenceQueue$Lock done
Event: 0.557 Thread 0x0000026a995797e0 Thread added: 0x0000026a995797e0
Event: 0.557 loading class java/lang/ref/Reference$1
Event: 0.557 loading class jdk/internal/access/JavaLangRefAccess
Event: 0.557 loading class jdk/internal/access/JavaLangRefAccess done
Event: 0.557 loading class java/lang/ref/Reference$1 done
Event: 0.557 loading class java/lang/ref/Finalizer$FinalizerThread
Event: 0.557 loading class java/lang/ref/Finalizer$FinalizerThread done
Event: 0.558 Thread 0x0000026a9957bf90 Thread added: 0x0000026a9957bf90
Event: 0.558 loading class java/lang/System$2
Event: 0.558 loading class jdk/internal/access/JavaLangAccess
Event: 0.559 loading class jdk/internal/access/JavaLangAccess done
Event: 0.559 loading class java/lang/System$2 done
Event: 0.559 loading class jdk/internal/util/SystemProps
Event: 0.559 loading class jdk/internal/util/SystemProps done
Event: 0.559 loading class jdk/internal/util/SystemProps$Raw
Event: 0.560 loading class jdk/internal/util/SystemProps$Raw done


Dynamic libraries:
0x00007ff715900000 - 0x00007ff71590e000 	C:\Users\Talavera\.p2\pool\plugins\org.eclipse.justj.openjdk.hotspot.jre.full.win32.x86_64_17.0.6.v20230204-1729\jre\bin\javaw.exe
0x00007fff30e10000 - 0x00007fff31008000 	C:\WINDOWS\SYSTEM32\ntdll.dll
0x00007fff2ef60000 - 0x00007fff2f01f000 	C:\WINDOWS\System32\KERNEL32.DLL
0x00007fff2dc20000 - 0x00007fff2df16000 	C:\WINDOWS\System32\KERNELBASE.dll
0x00007fff2dfd0000 - 0x00007fff2e0d0000 	C:\WINDOWS\System32\ucrtbase.dll
0x00007fff25c10000 - 0x00007fff25c27000 	C:\Users\Talavera\.p2\pool\plugins\org.eclipse.justj.openjdk.hotspot.jre.full.win32.x86_64_17.0.6.v20230204-1729\jre\bin\jli.dll
0x00007fff2fdd0000 - 0x00007fff2ff6d000 	C:\WINDOWS\System32\USER32.dll
0x00007fff2df20000 - 0x00007fff2df42000 	C:\WINDOWS\System32\win32u.dll
0x00007fff2e6e0000 - 0x00007fff2e70c000 	C:\WINDOWS\System32\GDI32.dll
0x00007fff2e390000 - 0x00007fff2e4a5000 	C:\WINDOWS\System32\gdi32full.dll
0x00007fff2e0d0000 - 0x00007fff2e16d000 	C:\WINDOWS\System32\msvcp_win.dll
0x00007fff23b50000 - 0x00007fff23b69000 	C:\Users\Talavera\.p2\pool\plugins\org.eclipse.justj.openjdk.hotspot.jre.full.win32.x86_64_17.0.6.v20230204-1729\jre\bin\VCRUNTIME140.dll
0x00007fff0f400000 - 0x00007fff0f69a000 	C:\WINDOWS\WinSxS\amd64_microsoft.windows.common-controls_6595b64144ccf1df_6.0.19041.1110_none_60b5254171f9507e\COMCTL32.dll
0x00007fff2e4c0000 - 0x00007fff2e55e000 	C:\WINDOWS\System32\msvcrt.dll
0x00007fff2e6b0000 - 0x00007fff2e6e0000 	C:\WINDOWS\System32\IMM32.DLL
0x00007fff25c00000 - 0x00007fff25c0c000 	C:\Users\Talavera\.p2\pool\plugins\org.eclipse.justj.openjdk.hotspot.jre.full.win32.x86_64_17.0.6.v20230204-1729\jre\bin\vcruntime140_1.dll
0x00007fff08da0000 - 0x00007fff08e31000 	C:\Users\Talavera\.p2\pool\plugins\org.eclipse.justj.openjdk.hotspot.jre.full.win32.x86_64_17.0.6.v20230204-1729\jre\bin\msvcp140.dll
0x00007ffefd260000 - 0x00007ffefdea7000 	C:\Users\Talavera\.p2\pool\plugins\org.eclipse.justj.openjdk.hotspot.jre.full.win32.x86_64_17.0.6.v20230204-1729\jre\bin\server\jvm.dll
0x00007fff2f020000 - 0x00007fff2f0cf000 	C:\WINDOWS\System32\ADVAPI32.dll
0x00007fff2f820000 - 0x00007fff2f8bc000 	C:\WINDOWS\System32\sechost.dll
0x00007fff2ea40000 - 0x00007fff2eb66000 	C:\WINDOWS\System32\RPCRT4.dll
0x00007fff16d30000 - 0x00007fff16d57000 	C:\WINDOWS\SYSTEM32\WINMM.dll
0x00007fff21210000 - 0x00007fff2121a000 	C:\WINDOWS\SYSTEM32\VERSION.dll
0x00007fff1fcf0000 - 0x00007fff1fcf9000 	C:\WINDOWS\SYSTEM32\WSOCK32.dll
0x00007fff30d60000 - 0x00007fff30dcb000 	C:\WINDOWS\System32\WS2_32.dll
0x00007fff2b9f0000 - 0x00007fff2ba02000 	C:\WINDOWS\SYSTEM32\kernel.appcore.dll
0x00007fff29560000 - 0x00007fff2956a000 	C:\Users\Talavera\.p2\pool\plugins\org.eclipse.justj.openjdk.hotspot.jre.full.win32.x86_64_17.0.6.v20230204-1729\jre\bin\jimage.dll
0x00007fff1b610000 - 0x00007fff1b7f4000 	C:\WINDOWS\SYSTEM32\DBGHELP.DLL
0x00007fff1cf30000 - 0x00007fff1cf64000 	C:\WINDOWS\SYSTEM32\dbgcore.DLL
0x00007fff2e1a0000 - 0x00007fff2e222000 	C:\WINDOWS\System32\bcryptPrimitives.dll
0x00007fff22580000 - 0x00007fff225a5000 	C:\Users\Talavera\.p2\pool\plugins\org.eclipse.justj.openjdk.hotspot.jre.full.win32.x86_64_17.0.6.v20230204-1729\jre\bin\java.dll
0x00007fff23420000 - 0x00007fff23438000 	C:\Users\Talavera\.p2\pool\plugins\org.eclipse.justj.openjdk.hotspot.jre.full.win32.x86_64_17.0.6.v20230204-1729\jre\bin\zip.dll
0x00007fff2f0d0000 - 0x00007fff2f814000 	C:\WINDOWS\System32\SHELL32.dll
0x00007fff2bbf0000 - 0x00007fff2c383000 	C:\WINDOWS\SYSTEM32\windows.storage.dll
0x00007fff2ebe0000 - 0x00007fff2ef34000 	C:\WINDOWS\System32\combase.dll
0x00007fff2d480000 - 0x00007fff2d4ae000 	C:\WINDOWS\SYSTEM32\Wldp.dll
0x00007fff2e850000 - 0x00007fff2e8fd000 	C:\WINDOWS\System32\SHCORE.dll
0x00007fff2eb70000 - 0x00007fff2ebc5000 	C:\WINDOWS\System32\shlwapi.dll
0x00007fff2da40000 - 0x00007fff2da5f000 	C:\WINDOWS\SYSTEM32\profapi.dll

dbghelp: loaded successfully - version: 4.0.5 - missing functions: none
symbol engine: initialized successfully - sym options: 0x614 - pdb path: .;C:\Users\Talavera\.p2\pool\plugins\org.eclipse.justj.openjdk.hotspot.jre.full.win32.x86_64_17.0.6.v20230204-1729\jre\bin;C:\WINDOWS\SYSTEM32;C:\WINDOWS\WinSxS\amd64_microsoft.windows.common-controls_6595b64144ccf1df_6.0.19041.1110_none_60b5254171f9507e;C:\Users\Talavera\.p2\pool\plugins\org.eclipse.justj.openjdk.hotspot.jre.full.win32.x86_64_17.0.6.v20230204-1729\jre\bin\server

VM Arguments:
jvm_args: -Dfile.encoding=UTF-8 -XX:+ShowCodeDetailsInExceptionMessages 
java_command: loginInvents.mainFrame
java_class_path (initial): C:\Users\Talavera\Desktop\Talavera Mark Edrian(Final Activity)\JavaInventory\bin
Launcher Type: SUN_STANDARD

[Global flags]
     intx CICompilerCount                          = 2                                         {product} {ergonomic}
     uint ConcGCThreads                            = 1                                         {product} {ergonomic}
     uint G1ConcRefinementThreads                  = 2                                         {product} {ergonomic}
   size_t G1HeapRegionSize                         = 1048576                                   {product} {ergonomic}
    uintx GCDrainStackTargetSize                   = 64                                        {product} {ergonomic}
   size_t InitialHeapSize                          = 100663296                                 {product} {ergonomic}
   size_t MarkStackSize                            = 4194304                                   {product} {ergonomic}
   size_t MaxHeapSize                              = 1602224128                                {product} {ergonomic}
   size_t MaxNewSize                               = 960495616                                 {product} {ergonomic}
   size_t MinHeapDeltaBytes                        = 1048576                                   {product} {ergonomic}
   size_t MinHeapSize                              = 8388608                                   {product} {ergonomic}
    uintx NonNMethodCodeHeapSize                   = 5826188                                {pd product} {ergonomic}
    uintx NonProfiledCodeHeapSize                  = 122916026                              {pd product} {ergonomic}
    uintx ProfiledCodeHeapSize                     = 122916026                              {pd product} {ergonomic}
    uintx ReservedCodeCacheSize                    = 251658240                              {pd product} {ergonomic}
     bool SegmentedCodeCache                       = true                                      {product} {ergonomic}
     bool ShowCodeDetailsInExceptionMessages       = true                                   {manageable} {command line}
   size_t SoftMaxHeapSize                          = 1602224128                             {manageable} {ergonomic}
     bool UseCompressedClassPointers               = true                           {product lp64_product} {ergonomic}
     bool UseCompressedOops                        = true                           {product lp64_product} {ergonomic}
     bool UseG1GC                                  = true                                      {product} {ergonomic}
     bool UseLargePagesIndividualAllocation        = false                                  {pd product} {ergonomic}

Logging:
Log output configuration:
 #0: stdout all=warning uptime,level,tags
 #1: stderr all=off uptime,level,tags

Environment Variables:
PATH=C:/Users/Talavera/.p2/pool/plugins/org.eclipse.justj.openjdk.hotspot.jre.full.win32.x86_64_17.0.6.v20230204-1729/jre/bin/server;C:/Users/Talavera/.p2/pool/plugins/org.eclipse.justj.openjdk.hotspot.jre.full.win32.x86_64_17.0.6.v20230204-1729/jre/bin;C:\Program Files (x86)\Common Files\Oracle\Java\javapath;C:\WINDOWS\system32;C:\WINDOWS;C:\WINDOWS\System32\Wbem;C:\WINDOWS\System32\WindowsPowerShell\v1.0\;C:\WINDOWS\System32\OpenSSH\;C:\Program Files\Git\cmd;C:\Users\Talavera\AppData\Local\Microsoft\WindowsApps;;C:\Users\Talavera\AppData\Local\Programs\Microsoft VS Code\bin;C:\Users\Talavera\Desktop;
USERNAME=Talavera
OS=Windows_NT
PROCESSOR_IDENTIFIER=Intel64 Family 6 Model 23 Stepping 10, GenuineIntel
TMP=C:\Users\Talavera\AppData\Local\Temp
TEMP=C:\Users\Talavera\AppData\Local\Temp



---------------  S Y S T E M  ---------------

OS:
 Windows 10 , 64 bit Build 19041 (10.0.19041.2913)
OS uptime: 2 days 15:42 hours

CPU: total 2 (initial active 2) (2 cores per cpu, 1 threads per core) family 6 model 23 stepping 10 microcode 0xa0c, cx8, cmov, fxsr, mmx, sse, sse2, sse3, ssse3, tsc, clflush

Memory: 4k page, system-wide physical 6109M (473M free)
TotalPageFile size 24541M (AvailPageFile size 2M)
current process WorkingSet (physical memory assigned to process): 22M, peak: 22M
current process commit charge ("private bytes"): 153M, peak: 153M

vm_info: OpenJDK 64-Bit Server VM (17.0.6+10) for windows-amd64 JRE (17.0.6+10), built on Jan 18 2023 10:08:59 by "temurin" with MS VC++ 16.7 (VS2019)

END.
