#
# There is insufficient memory for the Java Runtime Environment to continue.
# Native memory allocation (mmap) failed to map 65536 bytes for Failed to commit metaspace.
# Possible reasons:
#   The system is out of physical RAM or swap space
#   The process is running with CompressedOops enabled, and the Java Heap may be blocking the growth of the native heap
# Possible solutions:
#   Reduce memory load on the system
#   Increase physical memory or swap space
#   Check if swap backing store is full
#   Decrease Java heap size (-Xmx/-Xms)
#   Decrease number of Java threads
#   Decrease Java thread stack sizes (-Xss)
#   Set larger code cache with -XX:ReservedCodeCacheSize=
#   JVM is running with Unscaled Compressed Oops mode in which the Java heap is
#     placed in the first 4GB address space. The Java Heap base address is the
#     maximum limit for the native heap growth. Please use -XX:HeapBaseMinAddress
#     to set the Java Heap base and to place the Java Heap above 4GB virtual address.
# This output file may be truncated or incomplete.
#
#  Out of Memory Error (virtualSpaceNode.cpp:110), pid=20032, tid=20552
#
# JRE version: OpenJDK Runtime Environment Temurin-17.0.6+10 (17.0.6+10) (build 17.0.6+10)
# Java VM: OpenJDK 64-Bit Server VM Temurin-17.0.6+10 (17.0.6+10, mixed mode, tiered, compressed oops, compressed class ptrs, g1 gc, windows-amd64)
# No core dump will be written. Minidumps are not enabled by default on client versions of Windows
#

---------------  S U M M A R Y ------------

Command Line: -Dfile.encoding=UTF-8 -XX:+ShowCodeDetailsInExceptionMessages loginInvents.mainFrame

Host: Pentium(R) Dual-Core  CPU      E6600  @ 3.06GHz, 2 cores, 5G,  Windows 10 , 64 bit Build 19041 (10.0.19041.2913)
Time: Thu May 18 16:53:02 2023 China Standard Time elapsed time: 2.501046 seconds (0d 0h 0m 2s)

---------------  T H R E A D  ---------------

Current thread (0x000002ba34cd56b0):  JavaThread "AWT-EventQueue-0" [_thread_in_vm, id=20552, stack(0x000000d24d800000,0x000000d24d900000)]

Stack: [0x000000d24d800000,0x000000d24d900000]
Native frames: (J=compiled Java code, j=interpreted, Vv=VM code, C=native code)
V  [jvm.dll+0x67741a]
V  [jvm.dll+0x834434]
V  [jvm.dll+0x835bde]
V  [jvm.dll+0x836243]
V  [jvm.dll+0x2457b5]
V  [jvm.dll+0x8304cb]
V  [jvm.dll+0x61bca6]
V  [jvm.dll+0x61bd0a]
V  [jvm.dll+0x61e52a]
V  [jvm.dll+0x61c646]
V  [jvm.dll+0x239e4f]
V  [jvm.dll+0x626445]
V  [jvm.dll+0x1ea42b]
V  [jvm.dll+0x1ea965]
V  [jvm.dll+0x1eb39f]
V  [jvm.dll+0x1e0841]
V  [jvm.dll+0x53c6d0]
V  [jvm.dll+0x1f1017]
V  [jvm.dll+0x7aea1b]
V  [jvm.dll+0x7afdc2]
V  [jvm.dll+0x7b00f8]
V  [jvm.dll+0x23dbbe]
V  [jvm.dll+0x37ecce]
C  0x000002ba2677af62

Java frames: (J=compiled Java code, j=interpreted, Vv=VM code)
j  sun.font.CMap.createCMap(Ljava/nio/ByteBuffer;I[C)Lsun/font/CMap;+153 java.desktop@17.0.6
j  sun.font.CMap.initialize(Lsun/font/TrueTypeFont;)Lsun/font/CMap;+297 java.desktop@17.0.6
j  sun.font.TrueTypeGlyphMapper.<init>(Lsun/font/TrueTypeFont;)V+11 java.desktop@17.0.6
j  sun.font.TrueTypeFont.getMapper()Lsun/font/CharToGlyphMapper;+13 java.desktop@17.0.6
j  sun.font.FileFontStrike.<init>(Lsun/font/FileFont;Lsun/font/FontStrikeDesc;)V+223 java.desktop@17.0.6
j  sun.font.FileFont.createStrike(Lsun/font/FontStrikeDesc;)Lsun/font/FontStrike;+6 java.desktop@17.0.6
j  sun.font.Font2D.getStrike(Lsun/font/FontStrikeDesc;Z)Lsun/font/FontStrike;+85 java.desktop@17.0.6
j  sun.font.Font2D.getStrike(Lsun/font/FontStrikeDesc;)Lsun/font/FontStrike;+3 java.desktop@17.0.6
j  sun.font.CompositeStrike.getStrikeForSlot(I)Lsun/font/PhysicalStrike;+34 java.desktop@17.0.6
j  sun.font.CompositeStrike.getFontMetrics()Lsun/font/StrikeMetrics;+31 java.desktop@17.0.6
j  sun.font.FontDesignMetrics.initMatrixAndMetrics()V+28 java.desktop@17.0.6
j  sun.font.FontDesignMetrics.<init>(Ljava/awt/Font;Ljava/awt/font/FontRenderContext;)V+62 java.desktop@17.0.6
j  sun.font.FontDesignMetrics.getMetrics(Ljava/awt/Font;Ljava/awt/font/FontRenderContext;)Lsun/font/FontDesignMetrics;+128 java.desktop@17.0.6
j  sun.swing.SwingUtilities2.getFontMetrics(Ljavax/swing/JComponent;Ljava/awt/Font;)Ljava/awt/FontMetrics;+15 java.desktop@17.0.6
j  javax.swing.JComponent.getFontMetrics(Ljava/awt/Font;)Ljava/awt/FontMetrics;+2 java.desktop@17.0.6
j  sun.swing.SwingUtilities2.getFontMetrics(Ljavax/swing/JComponent;Ljava/awt/Graphics;Ljava/awt/Font;)Ljava/awt/FontMetrics;+6 java.desktop@17.0.6
j  sun.swing.SwingUtilities2.getFontMetrics(Ljavax/swing/JComponent;Ljava/awt/Graphics;)Ljava/awt/FontMetrics;+6 java.desktop@17.0.6
j  javax.swing.plaf.basic.BasicLabelUI.paint(Ljava/awt/Graphics;Ljavax/swing/JComponent;)V+44 java.desktop@17.0.6
j  javax.swing.plaf.ComponentUI.update(Ljava/awt/Graphics;Ljavax/swing/JComponent;)V+32 java.desktop@17.0.6
j  javax.swing.JComponent.paintComponent(Ljava/awt/Graphics;)V+26 java.desktop@17.0.6
j  javax.swing.JComponent.paint(Ljava/awt/Graphics;)V+286 java.desktop@17.0.6
j  javax.swing.JComponent.paintChildren(Ljava/awt/Graphics;)V+523 java.desktop@17.0.6
j  javax.swing.JComponent.paint(Ljava/awt/Graphics;)V+318 java.desktop@17.0.6
j  javax.swing.JComponent.paintChildren(Ljava/awt/Graphics;)V+523 java.desktop@17.0.6
j  javax.swing.JComponent.paint(Ljava/awt/Graphics;)V+318 java.desktop@17.0.6
j  javax.swing.JLayeredPane.paint(Ljava/awt/Graphics;)V+73 java.desktop@17.0.6
j  javax.swing.JComponent.paintChildren(Ljava/awt/Graphics;)V+523 java.desktop@17.0.6
j  javax.swing.JComponent.paintToOffscreen(Ljava/awt/Graphics;IIIIII)V+72 java.desktop@17.0.6
j  javax.swing.RepaintManager$PaintManager.paintDoubleBufferedImpl(Ljavax/swing/JComponent;Ljava/awt/Image;Ljava/awt/Graphics;IIII)V+163 java.desktop@17.0.6
j  javax.swing.RepaintManager$PaintManager.paintDoubleBuffered(Ljavax/swing/JComponent;Ljava/awt/Image;Ljava/awt/Graphics;IIII)V+46 java.desktop@17.0.6
j  javax.swing.RepaintManager$PaintManager.paint(Ljavax/swing/JComponent;Ljavax/swing/JComponent;Ljava/awt/Graphics;IIII)Z+128 java.desktop@17.0.6
j  javax.swing.RepaintManager.paint(Ljavax/swing/JComponent;Ljavax/swing/JComponent;Ljava/awt/Graphics;IIII)V+52 java.desktop@17.0.6
j  javax.swing.JComponent.paint(Ljava/awt/Graphics;)V+221 java.desktop@17.0.6
j  java.awt.GraphicsCallback$PaintCallback.run(Ljava/awt/Component;Ljava/awt/Graphics;)V+2 java.desktop@17.0.6
j  sun.awt.SunGraphicsCallback.runOneComponent(Ljava/awt/Component;Ljava/awt/Rectangle;Ljava/awt/Graphics;Ljava/awt/Shape;I)V+130 java.desktop@17.0.6
j  sun.awt.SunGraphicsCallback.runComponents([Ljava/awt/Component;Ljava/awt/Graphics;I)V+157 java.desktop@17.0.6
j  java.awt.Container.paint(Ljava/awt/Graphics;)V+58 java.desktop@17.0.6
j  java.awt.Window.paint(Ljava/awt/Graphics;)V+68 java.desktop@17.0.6
j  javax.swing.RepaintManager$4.run()Ljava/lang/Void;+142 java.desktop@17.0.6
j  javax.swing.RepaintManager$4.run()Ljava/lang/Object;+1 java.desktop@17.0.6
J 503 c1 java.security.AccessController.executePrivileged(Ljava/security/PrivilegedAction;Ljava/security/AccessControlContext;Ljava/lang/Class;)Ljava/lang/Object; java.base@17.0.6 (65 bytes) @ 0x000002ba1f2ea234 [0x000002ba1f2ea0e0+0x0000000000000154]
j  java.security.AccessController.doPrivileged(Ljava/security/PrivilegedAction;Ljava/security/AccessControlContext;)Ljava/lang/Object;+13 java.base@17.0.6
j  java.security.ProtectionDomain$JavaSecurityAccessImpl.doIntersectionPrivilege(Ljava/security/PrivilegedAction;Ljava/security/AccessControlContext;Ljava/security/AccessControlContext;)Ljava/lang/Object;+18 java.base@17.0.6
j  javax.swing.RepaintManager.paintDirtyRegions(Ljava/util/Map;)V+154 java.desktop@17.0.6
j  javax.swing.RepaintManager.paintDirtyRegions()V+46 java.desktop@17.0.6
j  javax.swing.RepaintManager.prePaintDirtyRegions()V+73 java.desktop@17.0.6
j  javax.swing.RepaintManager$ProcessingRunnable.run()V+37 java.desktop@17.0.6
j  java.awt.event.InvocationEvent.dispatch()V+47 java.desktop@17.0.6
j  java.awt.EventQueue.dispatchEventImpl(Ljava/awt/AWTEvent;Ljava/lang/Object;)V+21 java.desktop@17.0.6
j  java.awt.EventQueue$4.run()Ljava/lang/Void;+32 java.desktop@17.0.6
j  java.awt.EventQueue$4.run()Ljava/lang/Object;+1 java.desktop@17.0.6
J 503 c1 java.security.AccessController.executePrivileged(Ljava/security/PrivilegedAction;Ljava/security/AccessControlContext;Ljava/lang/Class;)Ljava/lang/Object; java.base@17.0.6 (65 bytes) @ 0x000002ba1f2ea234 [0x000002ba1f2ea0e0+0x0000000000000154]
j  java.security.AccessController.doPrivileged(Ljava/security/PrivilegedAction;Ljava/security/AccessControlContext;)Ljava/lang/Object;+13 java.base@17.0.6
j  java.security.ProtectionDomain$JavaSecurityAccessImpl.doIntersectionPrivilege(Ljava/security/PrivilegedAction;Ljava/security/AccessControlContext;Ljava/security/AccessControlContext;)Ljava/lang/Object;+18 java.base@17.0.6
j  java.awt.EventQueue.dispatchEvent(Ljava/awt/AWTEvent;)V+46 java.desktop@17.0.6
j  java.awt.EventDispatchThread.pumpOneEventForFilters(I)V+78 java.desktop@17.0.6
j  java.awt.EventDispatchThread.pumpEventsForFilter(ILjava/awt/Conditional;Ljava/awt/EventFilter;)V+35 java.desktop@17.0.6
j  java.awt.EventDispatchThread.pumpEventsForHierarchy(ILjava/awt/Conditional;Ljava/awt/Component;)V+11 java.desktop@17.0.6
j  java.awt.EventDispatchThread.pumpEvents(ILjava/awt/Conditional;)V+4 java.desktop@17.0.6
j  java.awt.EventDispatchThread.pumpEvents(Ljava/awt/Conditional;)V+3 java.desktop@17.0.6
j  java.awt.EventDispatchThread.run()V+9 java.desktop@17.0.6
v  ~StubRoutines::call_stub

---------------  P R O C E S S  ---------------

Threads class SMR info:
_java_thread_list=0x000002ba34e14f40, length=19, elements={
0x000002ba33bb93f0, 0x000002ba33bba670, 0x000002ba3480d090, 0x000002ba3480db50,
0x000002ba3480e600, 0x000002ba3480efb0, 0x000002ba3480fc90, 0x000002ba33c0ea10,
0x000002ba3484e9f0, 0x000002ba34956020, 0x000002ba34965fe0, 0x000002ba34c4cf40,
0x000002ba34c18df0, 0x000002ba34c192c0, 0x000002ba34ca7130, 0x000002ba34cddbd0,
0x000002ba34cd3500, 0x000002ba34cd56b0, 0x000002ba34cd4370
}

Java Threads: ( => current thread )
  0x000002ba33bb93f0 JavaThread "Reference Handler" daemon [_thread_blocked, id=6264, stack(0x000000d24c400000,0x000000d24c500000)]
  0x000002ba33bba670 JavaThread "Finalizer" daemon [_thread_blocked, id=23408, stack(0x000000d24c500000,0x000000d24c600000)]
  0x000002ba3480d090 JavaThread "Signal Dispatcher" daemon [_thread_blocked, id=14852, stack(0x000000d24c600000,0x000000d24c700000)]
  0x000002ba3480db50 JavaThread "Attach Listener" daemon [_thread_blocked, id=20252, stack(0x000000d24c700000,0x000000d24c800000)]
  0x000002ba3480e600 JavaThread "Service Thread" daemon [_thread_blocked, id=20948, stack(0x000000d24c800000,0x000000d24c900000)]
  0x000002ba3480efb0 JavaThread "Monitor Deflation Thread" daemon [_thread_blocked, id=23084, stack(0x000000d24c900000,0x000000d24ca00000)]
  0x000002ba3480fc90 JavaThread "C2 CompilerThread0" daemon [_thread_blocked, id=17620, stack(0x000000d24ca00000,0x000000d24cb00000)]
  0x000002ba33c0ea10 JavaThread "C1 CompilerThread0" daemon [_thread_blocked, id=23228, stack(0x000000d24cb00000,0x000000d24cc00000)]
  0x000002ba3484e9f0 JavaThread "Sweeper thread" daemon [_thread_blocked, id=16156, stack(0x000000d24cc00000,0x000000d24cd00000)]
  0x000002ba34956020 JavaThread "Notification Thread" daemon [_thread_blocked, id=17108, stack(0x000000d24cd00000,0x000000d24ce00000)]
  0x000002ba34965fe0 JavaThread "Common-Cleaner" daemon [_thread_blocked, id=20012, stack(0x000000d24cf00000,0x000000d24d000000)]
  0x000002ba34c4cf40 JavaThread "Java2D Disposer" daemon [_thread_blocked, id=20716, stack(0x000000d24d000000,0x000000d24d100000)]
  0x000002ba34c18df0 JavaThread "AWT-Shutdown" [_thread_blocked, id=18488, stack(0x000000d24d100000,0x000000d24d200000)]
  0x000002ba34c192c0 JavaThread "AWT-Windows" daemon [_thread_in_native, id=18160, stack(0x000000d24d200000,0x000000d24d300000)]
  0x000002ba34ca7130 JavaThread "Image Fetcher 0" daemon [_thread_blocked, id=17868, stack(0x000000d24d300000,0x000000d24d400000)]
  0x000002ba34cddbd0 JavaThread "Image Fetcher 1" daemon [_thread_blocked, id=21956, stack(0x000000d24d400000,0x000000d24d500000)]
  0x000002ba34cd3500 JavaThread "Thread-0" [_thread_blocked, id=22908, stack(0x000000d24d500000,0x000000d24d600000)]
=>0x000002ba34cd56b0 JavaThread "AWT-EventQueue-0" [_thread_in_vm, id=20552, stack(0x000000d24d800000,0x000000d24d900000)]
  0x000002ba34cd4370 JavaThread "DestroyJavaVM" [_thread_blocked, id=19752, stack(0x000000d24bc00000,0x000000d24bd00000)]

Other Threads:
  0x000002ba33b37bf0 VMThread "VM Thread" [stack: 0x000000d24c300000,0x000000d24c400000] [id=19116]
  0x000002ba34958910 WatcherThread [stack: 0x000000d24ce00000,0x000000d24cf00000] [id=19276]
  0x000002ba1bbb48c0 GCTaskThread "GC Thread#0" [stack: 0x000000d24be00000,0x000000d24bf00000] [id=14688]
  0x000002ba34df1bd0 GCTaskThread "GC Thread#1" [stack: 0x000000d24d600000,0x000000d24d700000] [id=22436]
  0x000002ba1bbc1700 ConcurrentGCThread "G1 Main Marker" [stack: 0x000000d24bf00000,0x000000d24c000000] [id=18456]
  0x000002ba1bbc29f0 ConcurrentGCThread "G1 Conc#0" [stack: 0x000000d24c000000,0x000000d24c100000] [id=18708]
  0x000002ba1bc194f0 ConcurrentGCThread "G1 Refine#0" [stack: 0x000000d24c100000,0x000000d24c200000] [id=10132]
  0x000002ba34acf5b0 ConcurrentGCThread "G1 Refine#1" [stack: 0x000000d24d700000,0x000000d24d800000] [id=11580]
  0x000002ba1bc1a7f0 ConcurrentGCThread "G1 Service" [stack: 0x000000d24c200000,0x000000d24c300000] [id=22096]

Threads with active compile tasks:

VM state: not at safepoint (normal execution)

VM Mutex/Monitor currently owned by a thread:  ([mutex/lock_event])
[0x000002ba1bb61b40] Metaspace_lock - owner thread: 0x000002ba34cd56b0

Heap address: 0x00000000a0800000, size: 1528 MB, Compressed Oops mode: 32-bit

CDS archive(s) not mapped
Compressed class space mapped at: 0x0000000100000000-0x0000000140000000, reserved size: 1073741824
Narrow klass base: 0x0000000000000000, Narrow klass shift: 3, Narrow klass range: 0x140000000

GC Precious Log:
 CPUs: 2 total, 2 available
 Memory: 6109M
 Large Page Support: Disabled
 NUMA Support: Disabled
 Compressed Oops: Enabled (32-bit)
 Heap Region Size: 1M
 Heap Min Capacity: 8M
 Heap Initial Capacity: 96M
 Heap Max Capacity: 1528M
 Pre-touch: Disabled
 Parallel Workers: 2
 Concurrent Workers: 1
 Concurrent Refinement Workers: 2
 Periodic GC: Disabled

Heap:
 garbage-first heap   total 98304K, used 5482K [0x00000000a0800000, 0x0000000100000000)
  region size 1024K, 2 young (2048K), 1 survivors (1024K)
 Metaspace       used 14361K, committed 14464K, reserved 1064960K
  class space    used 1468K, committed 1536K, reserved 1048576K

Heap Regions: E=young(eden), S=young(survivor), O=old, HS=humongous(starts), HC=humongous(continues), CS=collection set, F=free, OA=open archive, CA=closed archive, TAMS=top-at-mark-start (previous, next)
|   0|0x00000000a0800000, 0x00000000a0900000, 0x00000000a0900000|100%| O|  |TAMS 0x00000000a0800000, 0x00000000a0800000| Untracked 
|   1|0x00000000a0900000, 0x00000000a095aa00, 0x00000000a0a00000| 35%| O|  |TAMS 0x00000000a0900000, 0x00000000a0900000| Untracked 
|   2|0x00000000a0a00000, 0x00000000a0b00000, 0x00000000a0b00000|100%|HS|  |TAMS 0x00000000a0a00000, 0x00000000a0a00000| Complete 
|   3|0x00000000a0b00000, 0x00000000a0c00000, 0x00000000a0c00000|100%|HC|  |TAMS 0x00000000a0b00000, 0x00000000a0b00000| Complete 
|   4|0x00000000a0c00000, 0x00000000a0d00000, 0x00000000a0d00000|100%|HC|  |TAMS 0x00000000a0c00000, 0x00000000a0c00000| Complete 
|   5|0x00000000a0d00000, 0x00000000a0d00000, 0x00000000a0e00000|  0%| F|  |TAMS 0x00000000a0d00000, 0x00000000a0d00000| Untracked 
|   6|0x00000000a0e00000, 0x00000000a0e00000, 0x00000000a0f00000|  0%| F|  |TAMS 0x00000000a0e00000, 0x00000000a0e00000| Untracked 
|   7|0x00000000a0f00000, 0x00000000a0f00000, 0x00000000a1000000|  0%| F|  |TAMS 0x00000000a0f00000, 0x00000000a0f00000| Untracked 
|   8|0x00000000a1000000, 0x00000000a1000000, 0x00000000a1100000|  0%| F|  |TAMS 0x00000000a1000000, 0x00000000a1000000| Untracked 
|   9|0x00000000a1100000, 0x00000000a1100000, 0x00000000a1200000|  0%| F|  |TAMS 0x00000000a1100000, 0x00000000a1100000| Untracked 
|  10|0x00000000a1200000, 0x00000000a1200000, 0x00000000a1300000|  0%| F|  |TAMS 0x00000000a1200000, 0x00000000a1200000| Untracked 
|  11|0x00000000a1300000, 0x00000000a1300000, 0x00000000a1400000|  0%| F|  |TAMS 0x00000000a1300000, 0x00000000a1300000| Untracked 
|  12|0x00000000a1400000, 0x00000000a1400000, 0x00000000a1500000|  0%| F|  |TAMS 0x00000000a1400000, 0x00000000a1400000| Untracked 
|  13|0x00000000a1500000, 0x00000000a1500000, 0x00000000a1600000|  0%| F|  |TAMS 0x00000000a1500000, 0x00000000a1500000| Untracked 
|  14|0x00000000a1600000, 0x00000000a1600000, 0x00000000a1700000|  0%| F|  |TAMS 0x00000000a1600000, 0x00000000a1600000| Untracked 
|  15|0x00000000a1700000, 0x00000000a1700000, 0x00000000a1800000|  0%| F|  |TAMS 0x00000000a1700000, 0x00000000a1700000| Untracked 
|  16|0x00000000a1800000, 0x00000000a1800000, 0x00000000a1900000|  0%| F|  |TAMS 0x00000000a1800000, 0x00000000a1800000| Untracked 
|  17|0x00000000a1900000, 0x00000000a1900000, 0x00000000a1a00000|  0%| F|  |TAMS 0x00000000a1900000, 0x00000000a1900000| Untracked 
|  18|0x00000000a1a00000, 0x00000000a1a00000, 0x00000000a1b00000|  0%| F|  |TAMS 0x00000000a1a00000, 0x00000000a1a00000| Untracked 
|  19|0x00000000a1b00000, 0x00000000a1b00000, 0x00000000a1c00000|  0%| F|  |TAMS 0x00000000a1b00000, 0x00000000a1b00000| Untracked 
|  20|0x00000000a1c00000, 0x00000000a1c00000, 0x00000000a1d00000|  0%| F|  |TAMS 0x00000000a1c00000, 0x00000000a1c00000| Untracked 
|  21|0x00000000a1d00000, 0x00000000a1d00000, 0x00000000a1e00000|  0%| F|  |TAMS 0x00000000a1d00000, 0x00000000a1d00000| Untracked 
|  22|0x00000000a1e00000, 0x00000000a1e00000, 0x00000000a1f00000|  0%| F|  |TAMS 0x00000000a1e00000, 0x00000000a1e00000| Untracked 
|  23|0x00000000a1f00000, 0x00000000a1f00000, 0x00000000a2000000|  0%| F|  |TAMS 0x00000000a1f00000, 0x00000000a1f00000| Untracked 
|  24|0x00000000a2000000, 0x00000000a2000000, 0x00000000a2100000|  0%| F|  |TAMS 0x00000000a2000000, 0x00000000a2000000| Untracked 
|  25|0x00000000a2100000, 0x00000000a2100000, 0x00000000a2200000|  0%| F|  |TAMS 0x00000000a2100000, 0x00000000a2100000| Untracked 
|  26|0x00000000a2200000, 0x00000000a2200000, 0x00000000a2300000|  0%| F|  |TAMS 0x00000000a2200000, 0x00000000a2200000| Untracked 
|  27|0x00000000a2300000, 0x00000000a2300000, 0x00000000a2400000|  0%| F|  |TAMS 0x00000000a2300000, 0x00000000a2300000| Untracked 
|  28|0x00000000a2400000, 0x00000000a2400000, 0x00000000a2500000|  0%| F|  |TAMS 0x00000000a2400000, 0x00000000a2400000| Untracked 
|  29|0x00000000a2500000, 0x00000000a2500000, 0x00000000a2600000|  0%| F|  |TAMS 0x00000000a2500000, 0x00000000a2500000| Untracked 
|  30|0x00000000a2600000, 0x00000000a2600000, 0x00000000a2700000|  0%| F|  |TAMS 0x00000000a2600000, 0x00000000a2600000| Untracked 
|  31|0x00000000a2700000, 0x00000000a2700000, 0x00000000a2800000|  0%| F|  |TAMS 0x00000000a2700000, 0x00000000a2700000| Untracked 
|  32|0x00000000a2800000, 0x00000000a2800000, 0x00000000a2900000|  0%| F|  |TAMS 0x00000000a2800000, 0x00000000a2800000| Untracked 
|  33|0x00000000a2900000, 0x00000000a2900000, 0x00000000a2a00000|  0%| F|  |TAMS 0x00000000a2900000, 0x00000000a2900000| Untracked 
|  34|0x00000000a2a00000, 0x00000000a2a00000, 0x00000000a2b00000|  0%| F|  |TAMS 0x00000000a2a00000, 0x00000000a2a00000| Untracked 
|  35|0x00000000a2b00000, 0x00000000a2b00000, 0x00000000a2c00000|  0%| F|  |TAMS 0x00000000a2b00000, 0x00000000a2b00000| Untracked 
|  36|0x00000000a2c00000, 0x00000000a2c00000, 0x00000000a2d00000|  0%| F|  |TAMS 0x00000000a2c00000, 0x00000000a2c00000| Untracked 
|  37|0x00000000a2d00000, 0x00000000a2d00000, 0x00000000a2e00000|  0%| F|  |TAMS 0x00000000a2d00000, 0x00000000a2d00000| Untracked 
|  38|0x00000000a2e00000, 0x00000000a2e00000, 0x00000000a2f00000|  0%| F|  |TAMS 0x00000000a2e00000, 0x00000000a2e00000| Untracked 
|  39|0x00000000a2f00000, 0x00000000a2f00000, 0x00000000a3000000|  0%| F|  |TAMS 0x00000000a2f00000, 0x00000000a2f00000| Untracked 
|  40|0x00000000a3000000, 0x00000000a3000000, 0x00000000a3100000|  0%| F|  |TAMS 0x00000000a3000000, 0x00000000a3000000| Untracked 
|  41|0x00000000a3100000, 0x00000000a3100000, 0x00000000a3200000|  0%| F|  |TAMS 0x00000000a3100000, 0x00000000a3100000| Untracked 
|  42|0x00000000a3200000, 0x00000000a3200000, 0x00000000a3300000|  0%| F|  |TAMS 0x00000000a3200000, 0x00000000a3200000| Untracked 
|  43|0x00000000a3300000, 0x00000000a3300000, 0x00000000a3400000|  0%| F|  |TAMS 0x00000000a3300000, 0x00000000a3300000| Untracked 
|  44|0x00000000a3400000, 0x00000000a3400000, 0x00000000a3500000|  0%| F|  |TAMS 0x00000000a3400000, 0x00000000a3400000| Untracked 
|  45|0x00000000a3500000, 0x00000000a3500000, 0x00000000a3600000|  0%| F|  |TAMS 0x00000000a3500000, 0x00000000a3500000| Untracked 
|  46|0x00000000a3600000, 0x00000000a3600000, 0x00000000a3700000|  0%| F|  |TAMS 0x00000000a3600000, 0x00000000a3600000| Untracked 
|  47|0x00000000a3700000, 0x00000000a3700000, 0x00000000a3800000|  0%| F|  |TAMS 0x00000000a3700000, 0x00000000a3700000| Untracked 
|  48|0x00000000a3800000, 0x00000000a3800000, 0x00000000a3900000|  0%| F|  |TAMS 0x00000000a3800000, 0x00000000a3800000| Untracked 
|  49|0x00000000a3900000, 0x00000000a3900000, 0x00000000a3a00000|  0%| F|  |TAMS 0x00000000a3900000, 0x00000000a3900000| Untracked 
|  50|0x00000000a3a00000, 0x00000000a3a00000, 0x00000000a3b00000|  0%| F|  |TAMS 0x00000000a3a00000, 0x00000000a3a00000| Untracked 
|  51|0x00000000a3b00000, 0x00000000a3b00000, 0x00000000a3c00000|  0%| F|  |TAMS 0x00000000a3b00000, 0x00000000a3b00000| Untracked 
|  52|0x00000000a3c00000, 0x00000000a3c00000, 0x00000000a3d00000|  0%| F|  |TAMS 0x00000000a3c00000, 0x00000000a3c00000| Untracked 
|  53|0x00000000a3d00000, 0x00000000a3d00000, 0x00000000a3e00000|  0%| F|  |TAMS 0x00000000a3d00000, 0x00000000a3d00000| Untracked 
|  54|0x00000000a3e00000, 0x00000000a3e00000, 0x00000000a3f00000|  0%| F|  |TAMS 0x00000000a3e00000, 0x00000000a3e00000| Untracked 
|  55|0x00000000a3f00000, 0x00000000a3f00000, 0x00000000a4000000|  0%| F|  |TAMS 0x00000000a3f00000, 0x00000000a3f00000| Untracked 
|  56|0x00000000a4000000, 0x00000000a4000000, 0x00000000a4100000|  0%| F|  |TAMS 0x00000000a4000000, 0x00000000a4000000| Untracked 
|  57|0x00000000a4100000, 0x00000000a4100000, 0x00000000a4200000|  0%| F|  |TAMS 0x00000000a4100000, 0x00000000a4100000| Untracked 
|  58|0x00000000a4200000, 0x00000000a4200000, 0x00000000a4300000|  0%| F|  |TAMS 0x00000000a4200000, 0x00000000a4200000| Untracked 
|  59|0x00000000a4300000, 0x00000000a4300000, 0x00000000a4400000|  0%| F|  |TAMS 0x00000000a4300000, 0x00000000a4300000| Untracked 
|  60|0x00000000a4400000, 0x00000000a4400000, 0x00000000a4500000|  0%| F|  |TAMS 0x00000000a4400000, 0x00000000a4400000| Untracked 
|  61|0x00000000a4500000, 0x00000000a4500000, 0x00000000a4600000|  0%| F|  |TAMS 0x00000000a4500000, 0x00000000a4500000| Untracked 
|  62|0x00000000a4600000, 0x00000000a4600000, 0x00000000a4700000|  0%| F|  |TAMS 0x00000000a4600000, 0x00000000a4600000| Untracked 
|  63|0x00000000a4700000, 0x00000000a4700000, 0x00000000a4800000|  0%| F|  |TAMS 0x00000000a4700000, 0x00000000a4700000| Untracked 
|  64|0x00000000a4800000, 0x00000000a4800000, 0x00000000a4900000|  0%| F|  |TAMS 0x00000000a4800000, 0x00000000a4800000| Untracked 
|  65|0x00000000a4900000, 0x00000000a4900000, 0x00000000a4a00000|  0%| F|  |TAMS 0x00000000a4900000, 0x00000000a4900000| Untracked 
|  66|0x00000000a4a00000, 0x00000000a4a00000, 0x00000000a4b00000|  0%| F|  |TAMS 0x00000000a4a00000, 0x00000000a4a00000| Untracked 
|  67|0x00000000a4b00000, 0x00000000a4b00000, 0x00000000a4c00000|  0%| F|  |TAMS 0x00000000a4b00000, 0x00000000a4b00000| Untracked 
|  68|0x00000000a4c00000, 0x00000000a4c00000, 0x00000000a4d00000|  0%| F|  |TAMS 0x00000000a4c00000, 0x00000000a4c00000| Untracked 
|  69|0x00000000a4d00000, 0x00000000a4d00000, 0x00000000a4e00000|  0%| F|  |TAMS 0x00000000a4d00000, 0x00000000a4d00000| Untracked 
|  70|0x00000000a4e00000, 0x00000000a4e00000, 0x00000000a4f00000|  0%| F|  |TAMS 0x00000000a4e00000, 0x00000000a4e00000| Untracked 
|  71|0x00000000a4f00000, 0x00000000a4f00000, 0x00000000a5000000|  0%| F|  |TAMS 0x00000000a4f00000, 0x00000000a4f00000| Untracked 
|  72|0x00000000a5000000, 0x00000000a5000000, 0x00000000a5100000|  0%| F|  |TAMS 0x00000000a5000000, 0x00000000a5000000| Untracked 
|  73|0x00000000a5100000, 0x00000000a5100000, 0x00000000a5200000|  0%| F|  |TAMS 0x00000000a5100000, 0x00000000a5100000| Untracked 
|  74|0x00000000a5200000, 0x00000000a5200000, 0x00000000a5300000|  0%| F|  |TAMS 0x00000000a5200000, 0x00000000a5200000| Untracked 
|  75|0x00000000a5300000, 0x00000000a5300000, 0x00000000a5400000|  0%| F|  |TAMS 0x00000000a5300000, 0x00000000a5300000| Untracked 
|  76|0x00000000a5400000, 0x00000000a5400000, 0x00000000a5500000|  0%| F|  |TAMS 0x00000000a5400000, 0x00000000a5400000| Untracked 
|  77|0x00000000a5500000, 0x00000000a5500000, 0x00000000a5600000|  0%| F|  |TAMS 0x00000000a5500000, 0x00000000a5500000| Untracked 
|  78|0x00000000a5600000, 0x00000000a5600000, 0x00000000a5700000|  0%| F|  |TAMS 0x00000000a5600000, 0x00000000a5600000| Untracked 
|  79|0x00000000a5700000, 0x00000000a5700000, 0x00000000a5800000|  0%| F|  |TAMS 0x00000000a5700000, 0x00000000a5700000| Untracked 
|  80|0x00000000a5800000, 0x00000000a5800000, 0x00000000a5900000|  0%| F|  |TAMS 0x00000000a5800000, 0x00000000a5800000| Untracked 
|  81|0x00000000a5900000, 0x00000000a5900000, 0x00000000a5a00000|  0%| F|  |TAMS 0x00000000a5900000, 0x00000000a5900000| Untracked 
|  82|0x00000000a5a00000, 0x00000000a5a00000, 0x00000000a5b00000|  0%| F|  |TAMS 0x00000000a5a00000, 0x00000000a5a00000| Untracked 
|  83|0x00000000a5b00000, 0x00000000a5b00000, 0x00000000a5c00000|  0%| F|  |TAMS 0x00000000a5b00000, 0x00000000a5b00000| Untracked 
|  84|0x00000000a5c00000, 0x00000000a5c00000, 0x00000000a5d00000|  0%| F|  |TAMS 0x00000000a5c00000, 0x00000000a5c00000| Untracked 
|  85|0x00000000a5d00000, 0x00000000a5d00000, 0x00000000a5e00000|  0%| F|  |TAMS 0x00000000a5d00000, 0x00000000a5d00000| Untracked 
|  86|0x00000000a5e00000, 0x00000000a5e00000, 0x00000000a5f00000|  0%| F|  |TAMS 0x00000000a5e00000, 0x00000000a5e00000| Untracked 
|  87|0x00000000a5f00000, 0x00000000a5f00000, 0x00000000a6000000|  0%| F|  |TAMS 0x00000000a5f00000, 0x00000000a5f00000| Untracked 
|  88|0x00000000a6000000, 0x00000000a6000000, 0x00000000a6100000|  0%| F|  |TAMS 0x00000000a6000000, 0x00000000a6000000| Untracked 
|  89|0x00000000a6100000, 0x00000000a6200000, 0x00000000a6200000|100%| S|CS|TAMS 0x00000000a6100000, 0x00000000a6100000| Complete 
|  90|0x00000000a6200000, 0x00000000a6200000, 0x00000000a6300000|  0%| F|  |TAMS 0x00000000a6200000, 0x00000000a6200000| Untracked 
|  91|0x00000000a6300000, 0x00000000a6300000, 0x00000000a6400000|  0%| F|  |TAMS 0x00000000a6300000, 0x00000000a6300000| Untracked 
|  92|0x00000000a6400000, 0x00000000a6400000, 0x00000000a6500000|  0%| F|  |TAMS 0x00000000a6400000, 0x00000000a6400000| Untracked 
|  93|0x00000000a6500000, 0x00000000a6500000, 0x00000000a6600000|  0%| F|  |TAMS 0x00000000a6500000, 0x00000000a6500000| Untracked 
|  94|0x00000000a6600000, 0x00000000a6600000, 0x00000000a6700000|  0%| F|  |TAMS 0x00000000a6600000, 0x00000000a6600000| Untracked 
|  95|0x00000000a6700000, 0x00000000a6796970, 0x00000000a6800000| 58%| E|  |TAMS 0x00000000a6700000, 0x00000000a6700000| Complete 

Card table byte_map: [0x000002ba2e230000,0x000002ba2e530000] _byte_map_base: 0x000002ba2dd2c000

Marking Bits (Prev, Next): (CMBitMap*) 0x000002ba1bbb4ed0, (CMBitMap*) 0x000002ba1bbb4f10
 Prev Bits: [0x000002ba2e830000, 0x000002ba30010000)
 Next Bits: [0x000002ba30010000, 0x000002ba317f0000)

Polling page: 0x000002ba1b340000

Metaspace:

Usage:
  Non-class:     12.59 MB used.
      Class:      1.43 MB used.
       Both:     14.03 MB used.

Virtual space:
  Non-class space:       16.00 MB reserved,      12.62 MB ( 79%) committed,  2 nodes.
      Class space:        1.00 GB reserved,       1.50 MB ( <1%) committed,  1 nodes.
             Both:        1.02 GB reserved,      14.12 MB (  1%) committed. 

Chunk freelists:
   Non-Class:  3.00 MB
       Class:  2.52 MB
        Both:  5.52 MB

MaxMetaspaceSize: unlimited
CompressedClassSpaceSize: 1.00 GB
Initial GC threshold: 21.00 MB
Current GC threshold: 21.00 MB
CDS: off
MetaspaceReclaimPolicy: balanced
 - commit_granule_bytes: 65536.
 - commit_granule_words: 8192.
 - virtual_space_node_default_size: 1048576.
 - enlarge_chunks_in_place: 1.
 - new_chunks_are_fully_committed: 0.
 - uncommit_free_chunks: 1.
 - use_allocation_guard: 0.
 - handle_deallocations: 1.


Internal statistics:

num_allocs_failed_limit: 0.
num_arena_births: 116.
num_arena_deaths: 0.
num_vsnodes_births: 3.
num_vsnodes_deaths: 0.
num_space_committed: 226.
num_space_uncommitted: 0.
num_chunks_returned_to_freelist: 0.
num_chunks_taken_from_freelist: 170.
num_chunk_merges: 0.
num_chunk_splits: 95.
num_chunks_enlarged: 55.
num_purges: 0.
num_inconsistent_stats: 0.

CodeHeap 'non-profiled nmethods': size=120064Kb used=217Kb max_used=217Kb free=119846Kb
 bounds [0x000002ba26cf0000, 0x000002ba26f60000, 0x000002ba2e230000]
CodeHeap 'profiled nmethods': size=120000Kb used=1261Kb max_used=1261Kb free=118738Kb
 bounds [0x000002ba1f230000, 0x000002ba1f4a0000, 0x000002ba26760000]
CodeHeap 'non-nmethods': size=5696Kb used=1250Kb max_used=1266Kb free=4445Kb
 bounds [0x000002ba26760000, 0x000002ba269d0000, 0x000002ba26cf0000]
 total_blobs=1369 nmethods=795 adapters=488
 compilation: enabled
              stopped_count=0, restarted_count=0
 full_count=0

Compilation events (20 events):
Event: 2.436 Thread 0x000002ba33c0ea10 nmethod 783 0x000002ba26d24090 code [0x000002ba26d24220, 0x000002ba26d242f8]
Event: 2.478 Thread 0x000002ba3480fc90  785       4       java.util.HashMap::put (13 bytes)
Event: 2.479 Thread 0x000002ba33c0ea10  786       3       java.util.HashMap::putVal (300 bytes)
Event: 2.480 Thread 0x000002ba33c0ea10 nmethod 786 0x000002ba1f366b90 code [0x000002ba1f366e40, 0x000002ba1f368018]
Event: 2.481 Thread 0x000002ba33c0ea10  787       3       java.nio.Buffer::nextGetIndex (30 bytes)
Event: 2.482 Thread 0x000002ba33c0ea10 nmethod 787 0x000002ba1f368510 code [0x000002ba1f3686c0, 0x000002ba1f368888]
Event: 2.482 Thread 0x000002ba33c0ea10  788   !   3       jdk.internal.misc.ScopedMemoryAccess::getShortUnaligned (22 bytes)
Event: 2.483 Thread 0x000002ba33c0ea10 nmethod 788 0x000002ba1f368990 code [0x000002ba1f368b80, 0x000002ba1f3690a8]
Event: 2.483 Thread 0x000002ba33c0ea10  789       3       jdk.internal.misc.Unsafe::getShortUnaligned (33 bytes)
Event: 2.483 Thread 0x000002ba33c0ea10 nmethod 789 0x000002ba1f369310 code [0x000002ba1f3694e0, 0x000002ba1f369898]
Event: 2.484 Thread 0x000002ba33c0ea10  791       3       jdk.internal.misc.Unsafe::convEndian (16 bytes)
Event: 2.484 Thread 0x000002ba33c0ea10 nmethod 791 0x000002ba1f369a10 code [0x000002ba1f369ba0, 0x000002ba1f369d58]
Event: 2.484 Thread 0x000002ba33c0ea10  792       3       java.nio.ByteBufferAsShortBufferB::get (30 bytes)
Event: 2.485 Thread 0x000002ba33c0ea10 nmethod 792 0x000002ba1f369e10 code [0x000002ba1f36a060, 0x000002ba1f36a928]
Event: 2.486 Thread 0x000002ba33c0ea10  793       3       jdk.internal.misc.Unsafe::getShortUnaligned (12 bytes)
Event: 2.487 Thread 0x000002ba33c0ea10 nmethod 793 0x000002ba1f36ad10 code [0x000002ba1f36aec0, 0x000002ba1f36b0f8]
Event: 2.489 Thread 0x000002ba33c0ea10  794       3       jdk.internal.access.SharedSecrets::getJavaLangAccess (4 bytes)
Event: 2.490 Thread 0x000002ba33c0ea10 nmethod 794 0x000002ba1f36b210 code [0x000002ba1f36b3a0, 0x000002ba1f36b498]
Event: 2.493 Thread 0x000002ba33c0ea10  796       1       java.nio.Buffer::position (5 bytes)
Event: 2.494 Thread 0x000002ba33c0ea10 nmethod 796 0x000002ba26d25010 code [0x000002ba26d251a0, 0x000002ba26d25278]

GC Heap History (2 events):
Event: 2.287 GC heap before
{Heap before GC invocations=0 (full 0):
 garbage-first heap   total 98304K, used 6144K [0x00000000a0800000, 0x0000000100000000)
  region size 1024K, 6 young (6144K), 0 survivors (0K)
 Metaspace       used 13312K, committed 13568K, reserved 1064960K
  class space    used 1342K, committed 1472K, reserved 1048576K
}
Event: 2.315 GC heap after
{Heap after GC invocations=1 (full 0):
 garbage-first heap   total 98304K, used 2410K [0x00000000a0800000, 0x0000000100000000)
  region size 1024K, 1 young (1024K), 1 survivors (1024K)
 Metaspace       used 13312K, committed 13568K, reserved 1064960K
  class space    used 1342K, committed 1472K, reserved 1048576K
}

Dll operation events (9 events):
Event: 0.018 Loaded shared library C:\Users\Talavera\.p2\pool\plugins\org.eclipse.justj.openjdk.hotspot.jre.full.win32.x86_64_17.0.6.v20230204-1729\jre\bin\java.dll
Event: 0.662 Loaded shared library C:\Users\Talavera\.p2\pool\plugins\org.eclipse.justj.openjdk.hotspot.jre.full.win32.x86_64_17.0.6.v20230204-1729\jre\bin\jimage.dll
Event: 1.033 Loaded shared library C:\Users\Talavera\.p2\pool\plugins\org.eclipse.justj.openjdk.hotspot.jre.full.win32.x86_64_17.0.6.v20230204-1729\jre\bin\awt.dll
Event: 1.718 Loaded shared library C:\Users\Talavera\.p2\pool\plugins\org.eclipse.justj.openjdk.hotspot.jre.full.win32.x86_64_17.0.6.v20230204-1729\jre\bin\javajpeg.dll
Event: 1.932 Loaded shared library C:\Users\Talavera\.p2\pool\plugins\org.eclipse.justj.openjdk.hotspot.jre.full.win32.x86_64_17.0.6.v20230204-1729\jre\bin\zip.dll
Event: 2.099 Loaded shared library C:\Users\Talavera\.p2\pool\plugins\org.eclipse.justj.openjdk.hotspot.jre.full.win32.x86_64_17.0.6.v20230204-1729\jre\bin\freetype.dll
Event: 2.101 Loaded shared library C:\Users\Talavera\.p2\pool\plugins\org.eclipse.justj.openjdk.hotspot.jre.full.win32.x86_64_17.0.6.v20230204-1729\jre\bin\fontmanager.dll
Event: 2.467 Loaded shared library C:\Users\Talavera\.p2\pool\plugins\org.eclipse.justj.openjdk.hotspot.jre.full.win32.x86_64_17.0.6.v20230204-1729\jre\bin\net.dll
Event: 2.471 Loaded shared library C:\Users\Talavera\.p2\pool\plugins\org.eclipse.justj.openjdk.hotspot.jre.full.win32.x86_64_17.0.6.v20230204-1729\jre\bin\nio.dll

Deoptimization events (20 events):
Event: 2.198 Thread 0x000002ba1bb68640 Uncommon trap: trap_request=0xffffffc6 fr.pc=0x000002ba26d1a4e4 relative=0x0000000000000964
Event: 2.198 Thread 0x000002ba1bb68640 Uncommon trap: reason=bimorphic_or_optimized_type_check action=maybe_recompile pc=0x000002ba26d1a4e4 method=java.util.HashMap.putVal(ILjava/lang/Object;Ljava/lang/Object;ZZ)Ljava/lang/Object; @ 152 c2
Event: 2.198 Thread 0x000002ba1bb68640 DEOPT PACKING pc=0x000002ba26d1a4e4 sp=0x000000d24bcfc7b0
Event: 2.198 Thread 0x000002ba1bb68640 DEOPT UNPACKING pc=0x000002ba267b699d sp=0x000000d24bcfc730 mode 2
Event: 2.198 Thread 0x000002ba1bb68640 Uncommon trap: trap_request=0xffffffc6 fr.pc=0x000002ba26d1a4e4 relative=0x0000000000000964
Event: 2.198 Thread 0x000002ba1bb68640 Uncommon trap: reason=bimorphic_or_optimized_type_check action=maybe_recompile pc=0x000002ba26d1a4e4 method=java.util.HashMap.putVal(ILjava/lang/Object;Ljava/lang/Object;ZZ)Ljava/lang/Object; @ 152 c2
Event: 2.198 Thread 0x000002ba1bb68640 DEOPT PACKING pc=0x000002ba26d1a4e4 sp=0x000000d24bcfc7b0
Event: 2.198 Thread 0x000002ba1bb68640 DEOPT UNPACKING pc=0x000002ba267b699d sp=0x000000d24bcfc730 mode 2
Event: 2.198 Thread 0x000002ba1bb68640 Uncommon trap: trap_request=0xffffffc6 fr.pc=0x000002ba26d1a4e4 relative=0x0000000000000964
Event: 2.198 Thread 0x000002ba1bb68640 Uncommon trap: reason=bimorphic_or_optimized_type_check action=maybe_recompile pc=0x000002ba26d1a4e4 method=java.util.HashMap.putVal(ILjava/lang/Object;Ljava/lang/Object;ZZ)Ljava/lang/Object; @ 152 c2
Event: 2.198 Thread 0x000002ba1bb68640 DEOPT PACKING pc=0x000002ba26d1a4e4 sp=0x000000d24bcfc7b0
Event: 2.198 Thread 0x000002ba1bb68640 DEOPT UNPACKING pc=0x000002ba267b699d sp=0x000000d24bcfc730 mode 2
Event: 2.343 Thread 0x000002ba34cd3500 Uncommon trap: trap_request=0xffffff45 fr.pc=0x000002ba26d20240 relative=0x0000000000000320
Event: 2.343 Thread 0x000002ba34cd3500 Uncommon trap: reason=unstable_if action=reinterpret pc=0x000002ba26d20240 method=java.lang.StringLatin1.newString([BII)Ljava/lang/String; @ 1 c2
Event: 2.343 Thread 0x000002ba34cd3500 DEOPT PACKING pc=0x000002ba26d20240 sp=0x000000d24d5feca0
Event: 2.343 Thread 0x000002ba34cd3500 DEOPT UNPACKING pc=0x000002ba267b699d sp=0x000000d24d5fec80 mode 2
Event: 2.479 Thread 0x000002ba34cd56b0 Uncommon trap: trap_request=0xffffff45 fr.pc=0x000002ba26d21fcc relative=0x000000000000084c
Event: 2.479 Thread 0x000002ba34cd56b0 Uncommon trap: reason=unstable_if action=reinterpret pc=0x000002ba26d21fcc method=java.util.HashMap.putVal(ILjava/lang/Object;Ljava/lang/Object;ZZ)Ljava/lang/Object; @ 181 c2
Event: 2.479 Thread 0x000002ba34cd56b0 DEOPT PACKING pc=0x000002ba26d21fcc sp=0x000000d24d8fd250
Event: 2.479 Thread 0x000002ba34cd56b0 DEOPT UNPACKING pc=0x000002ba267b699d sp=0x000000d24d8fd1f0 mode 2

Classes unloaded (0 events):
No events

Classes redefined (0 events):
No events

Internal exceptions (14 events):
Event: 0.818 Thread 0x000002ba1bb68640 Exception <a 'java/lang/ClassNotFoundException'{0x00000000a67f8700}: sun/awt/resources/spi/awtProvider> (0x00000000a67f8700) 
thrown [s\src\hotspot\share\classfile\systemDictionary.cpp, line 256]
Event: 1.152 Thread 0x000002ba1bb68640 Exception <a 'java/io/FileNotFoundException'{0x00000000a6654040}> (0x00000000a6654040) 
thrown [s\src\hotspot\share\prims\jni.cpp, line 516]
Event: 1.169 Thread 0x000002ba1bb68640 Exception <a 'java/io/FileNotFoundException'{0x00000000a6681498}> (0x00000000a6681498) 
thrown [s\src\hotspot\share\prims\jni.cpp, line 516]
Event: 1.397 Thread 0x000002ba1bb68640 Exception <a 'java/lang/NoSuchMethodError'{0x00000000a66d2bf0}: 'java.lang.Object java.lang.invoke.DirectMethodHandle$Holder.invokeStaticInit(java.lang.Object)'> (0x00000000a66d2bf0) 
thrown [s\src\hotspot\share\interpreter\linkResolver.cpp, line 759]
Event: 1.493 Thread 0x000002ba1bb68640 Exception <a 'java/lang/NoSuchMethodError'{0x00000000a6541eb8}: 'void java.lang.invoke.DirectMethodHandle$Holder.invokeSpecial(java.lang.Object, java.lang.Object, java.lang.Object)'> (0x00000000a6541eb8) 
thrown [s\src\hotspot\share\interpreter\linkResolver.cpp, line 759]
Event: 1.534 Thread 0x000002ba1bb68640 Exception <a 'java/lang/NoSuchMethodError'{0x00000000a656c270}: 'java.lang.Object java.lang.invoke.DirectMethodHandle$Holder.newInvokeSpecial(java.lang.Object, java.lang.Object, java.lang.Object, java.lang.Object, java.lang.Object)'> (0x00000000a656c270) 
thrown [s\src\hotspot\share\interpreter\linkResolver.cpp, line 759]
Event: 1.539 Thread 0x000002ba1bb68640 Exception <a 'java/lang/NoSuchMethodError'{0x00000000a6577d28}: 'java.lang.Object java.lang.invoke.DirectMethodHandle$Holder.invokeStatic(java.lang.Object, int, java.lang.Object, java.lang.Object, java.lang.Object, java.lang.Object)'> (0x00000000a6577d28) 
thrown [s\src\hotspot\share\interpreter\linkResolver.cpp, line 759]
Event: 1.549 Thread 0x000002ba1bb68640 Exception <a 'java/lang/NoSuchMethodError'{0x00000000a659dad8}: 'java.lang.Object java.lang.invoke.DirectMethodHandle$Holder.invokeStatic(java.lang.Object, int, java.lang.Object)'> (0x00000000a659dad8) 
thrown [s\src\hotspot\share\interpreter\linkResolver.cpp, line 759]
Event: 1.636 Thread 0x000002ba1bb68640 Exception <a 'java/lang/ClassNotFoundException'{0x00000000a6456438}: com/sun/swing/internal/plaf/metal/resources/spi/metalProvider> (0x00000000a6456438) 
thrown [s\src\hotspot\share\classfile\systemDictionary.cpp, line 256]
Event: 1.639 Thread 0x000002ba1bb68640 Exception <a 'java/lang/ClassNotFoundException'{0x00000000a645a2c0}: com/sun/swing/internal/plaf/basic/resources/spi/basicProvider> (0x00000000a645a2c0) 
thrown [s\src\hotspot\share\classfile\systemDictionary.cpp, line 256]
Event: 1.723 Thread 0x000002ba34ca7130 Exception <a 'java/lang/NoSuchMethodError'{0x00000000a6487980}: 'java.lang.Object java.lang.invoke.DirectMethodHandle$Holder.newInvokeSpecial(java.lang.Object, java.lang.Object, java.lang.Object, int, int, int, int, int)'> (0x00000000a6487980) 
thrown [s\src\hotspot\share\interpreter\linkResolver.cpp, line 759]
Event: 1.754 Thread 0x000002ba34ca7130 Exception <a 'sun/awt/image/ImageFormatException'{0x00000000a6495330}: Insufficient memory (case 4)> (0x00000000a6495330) 
thrown [s\src\hotspot\share\prims\jni.cpp, line 535]
Event: 1.769 Thread 0x000002ba34ca7130 Exception <a 'sun/awt/image/ImageFormatException'{0x00000000a649e710}: Insufficient memory (case 4)> (0x00000000a649e710) 
thrown [s\src\hotspot\share\prims\jni.cpp, line 535]
Event: 2.075 Thread 0x000002ba1bb68640 Exception <a 'java/lang/NoSuchMethodError'{0x00000000a63487a0}: 'void java.lang.invoke.DirectMethodHandle$Holder.invokeStaticInit(java.lang.Object)'> (0x00000000a63487a0) 
thrown [s\src\hotspot\share\interpreter\linkResolver.cpp, line 759]

VM Operations (16 events):
Event: 1.220 Executing VM operation: Cleanup
Event: 1.237 Executing VM operation: Cleanup done
Event: 1.635 Executing VM operation: HandshakeAllThreads
Event: 1.635 Executing VM operation: HandshakeAllThreads done
Event: 1.851 Executing VM operation: HandshakeAllThreads
Event: 1.884 Executing VM operation: HandshakeAllThreads done
Event: 1.897 Executing VM operation: HandshakeAllThreads
Event: 1.897 Executing VM operation: HandshakeAllThreads done
Event: 2.174 Executing VM operation: HandshakeAllThreads
Event: 2.197 Executing VM operation: HandshakeAllThreads done
Event: 2.287 Executing VM operation: G1CollectForAllocation
Event: 2.315 Executing VM operation: G1CollectForAllocation done
Event: 2.433 Executing VM operation: HandshakeAllThreads
Event: 2.433 Executing VM operation: HandshakeAllThreads done
Event: 2.462 Executing VM operation: HandshakeAllThreads
Event: 2.462 Executing VM operation: HandshakeAllThreads done

Events (20 events):
Event: 2.477 loading class java/nio/ShortBuffer
Event: 2.478 loading class java/nio/ShortBuffer done
Event: 2.478 loading class java/nio/ByteBufferAsShortBufferB done
Event: 2.481 loading class sun/nio/cs/UTF_16$Decoder
Event: 2.481 loading class sun/nio/cs/UnicodeDecoder
Event: 2.481 loading class sun/nio/cs/UnicodeDecoder done
Event: 2.481 loading class sun/nio/cs/UTF_16$Decoder done
Event: 2.488 loading class sun/font/FileFontStrike
Event: 2.488 loading class sun/font/FileFontStrike done
Event: 2.489 loading class sun/font/FontScaler
Event: 2.489 loading class sun/font/FontScaler done
Event: 2.489 loading class sun/font/FreetypeFontScaler
Event: 2.489 loading class sun/font/FreetypeFontScaler done
Event: 2.490 loading class sun/font/TrueTypeGlyphMapper
Event: 2.491 loading class sun/font/TrueTypeGlyphMapper done
Event: 2.491 loading class sun/font/CMap
Event: 2.493 loading class sun/font/CMap done
Event: 2.493 loading class sun/font/CMap$NullCMapClass
Event: 2.493 loading class sun/font/CMap$NullCMapClass done
Event: 2.494 loading class sun/font/CMap$CMapFormat4


Dynamic libraries:
0x00007ff642e30000 - 0x00007ff642e3e000 	C:\Users\Talavera\.p2\pool\plugins\org.eclipse.justj.openjdk.hotspot.jre.full.win32.x86_64_17.0.6.v20230204-1729\jre\bin\javaw.exe
0x00007fff30e10000 - 0x00007fff31008000 	C:\WINDOWS\SYSTEM32\ntdll.dll
0x00007fff2ef60000 - 0x00007fff2f01f000 	C:\WINDOWS\System32\KERNEL32.DLL
0x00007fff2dc20000 - 0x00007fff2df16000 	C:\WINDOWS\System32\KERNELBASE.dll
0x00007fff2dfd0000 - 0x00007fff2e0d0000 	C:\WINDOWS\System32\ucrtbase.dll
0x00007fff2b350000 - 0x00007fff2b367000 	C:\Users\Talavera\.p2\pool\plugins\org.eclipse.justj.openjdk.hotspot.jre.full.win32.x86_64_17.0.6.v20230204-1729\jre\bin\jli.dll
0x00007fff2fdd0000 - 0x00007fff2ff6d000 	C:\WINDOWS\System32\USER32.dll
0x00007fff2df20000 - 0x00007fff2df42000 	C:\WINDOWS\System32\win32u.dll
0x00007fff2e6e0000 - 0x00007fff2e70c000 	C:\WINDOWS\System32\GDI32.dll
0x00007fff2e390000 - 0x00007fff2e4a5000 	C:\WINDOWS\System32\gdi32full.dll
0x00007fff2e0d0000 - 0x00007fff2e16d000 	C:\WINDOWS\System32\msvcp_win.dll
0x00007fff24160000 - 0x00007fff24179000 	C:\Users\Talavera\.p2\pool\plugins\org.eclipse.justj.openjdk.hotspot.jre.full.win32.x86_64_17.0.6.v20230204-1729\jre\bin\VCRUNTIME140.dll
0x00007fff0f400000 - 0x00007fff0f69a000 	C:\WINDOWS\WinSxS\amd64_microsoft.windows.common-controls_6595b64144ccf1df_6.0.19041.1110_none_60b5254171f9507e\COMCTL32.dll
0x00007fff2e4c0000 - 0x00007fff2e55e000 	C:\WINDOWS\System32\msvcrt.dll
0x00007fff2e6b0000 - 0x00007fff2e6e0000 	C:\WINDOWS\System32\IMM32.DLL
0x00007fff28df0000 - 0x00007fff28dfc000 	C:\Users\Talavera\.p2\pool\plugins\org.eclipse.justj.openjdk.hotspot.jre.full.win32.x86_64_17.0.6.v20230204-1729\jre\bin\vcruntime140_1.dll
0x00007fff0a160000 - 0x00007fff0a1f1000 	C:\Users\Talavera\.p2\pool\plugins\org.eclipse.justj.openjdk.hotspot.jre.full.win32.x86_64_17.0.6.v20230204-1729\jre\bin\msvcp140.dll
0x00007ffedb7e0000 - 0x00007ffedc427000 	C:\Users\Talavera\.p2\pool\plugins\org.eclipse.justj.openjdk.hotspot.jre.full.win32.x86_64_17.0.6.v20230204-1729\jre\bin\server\jvm.dll
0x00007fff2f020000 - 0x00007fff2f0cf000 	C:\WINDOWS\System32\ADVAPI32.dll
0x00007fff2f820000 - 0x00007fff2f8bc000 	C:\WINDOWS\System32\sechost.dll
0x00007fff2ea40000 - 0x00007fff2eb66000 	C:\WINDOWS\System32\RPCRT4.dll
0x00007fff1fcf0000 - 0x00007fff1fcf9000 	C:\WINDOWS\SYSTEM32\WSOCK32.dll
0x00007fff30d60000 - 0x00007fff30dcb000 	C:\WINDOWS\System32\WS2_32.dll
0x00007fff16d30000 - 0x00007fff16d57000 	C:\WINDOWS\SYSTEM32\WINMM.dll
0x00007fff21210000 - 0x00007fff2121a000 	C:\WINDOWS\SYSTEM32\VERSION.dll
0x00007fff2b9f0000 - 0x00007fff2ba02000 	C:\WINDOWS\SYSTEM32\kernel.appcore.dll
0x00007fff05910000 - 0x00007fff0591a000 	C:\Users\Talavera\.p2\pool\plugins\org.eclipse.justj.openjdk.hotspot.jre.full.win32.x86_64_17.0.6.v20230204-1729\jre\bin\jimage.dll
0x00007fff1b610000 - 0x00007fff1b7f4000 	C:\WINDOWS\SYSTEM32\DBGHELP.DLL
0x00007fff1cf30000 - 0x00007fff1cf64000 	C:\WINDOWS\SYSTEM32\dbgcore.DLL
0x00007fff2e1a0000 - 0x00007fff2e222000 	C:\WINDOWS\System32\bcryptPrimitives.dll
0x00007ffee98f0000 - 0x00007ffee9915000 	C:\Users\Talavera\.p2\pool\plugins\org.eclipse.justj.openjdk.hotspot.jre.full.win32.x86_64_17.0.6.v20230204-1729\jre\bin\java.dll
0x00007ffee98d0000 - 0x00007ffee98e8000 	C:\Users\Talavera\.p2\pool\plugins\org.eclipse.justj.openjdk.hotspot.jre.full.win32.x86_64_17.0.6.v20230204-1729\jre\bin\zip.dll
0x00007fff2f0d0000 - 0x00007fff2f814000 	C:\WINDOWS\System32\SHELL32.dll
0x00007fff2bbf0000 - 0x00007fff2c383000 	C:\WINDOWS\SYSTEM32\windows.storage.dll
0x00007fff2ebe0000 - 0x00007fff2ef34000 	C:\WINDOWS\System32\combase.dll
0x00007fff2d480000 - 0x00007fff2d4ae000 	C:\WINDOWS\SYSTEM32\Wldp.dll
0x00007fff2e850000 - 0x00007fff2e8fd000 	C:\WINDOWS\System32\SHCORE.dll
0x00007fff2eb70000 - 0x00007fff2ebc5000 	C:\WINDOWS\System32\shlwapi.dll
0x00007fff2da40000 - 0x00007fff2da5f000 	C:\WINDOWS\SYSTEM32\profapi.dll
0x00007fff059d0000 - 0x00007fff05b5e000 	C:\Users\Talavera\.p2\pool\plugins\org.eclipse.justj.openjdk.hotspot.jre.full.win32.x86_64_17.0.6.v20230204-1729\jre\bin\awt.dll
0x00007fff2e910000 - 0x00007fff2e9dd000 	C:\WINDOWS\System32\OLEAUT32.dll
0x00007fff2b410000 - 0x00007fff2b4a1000 	C:\WINDOWS\SYSTEM32\apphelp.dll
0x00007fff2b810000 - 0x00007fff2b83f000 	C:\WINDOWS\system32\DWMAPI.DLL
0x00007fff2b520000 - 0x00007fff2b5be000 	C:\WINDOWS\system32\uxtheme.dll
0x00007fff06940000 - 0x00007fff06a65000 	C:\WINDOWS\system32\opengl32.dll
0x00007fff24130000 - 0x00007fff2415c000 	C:\WINDOWS\SYSTEM32\GLU32.dll
0x00007fff2fb80000 - 0x00007fff2fc94000 	C:\WINDOWS\System32\MSCTF.dll
0x00007fff2fca0000 - 0x00007fff2fdca000 	C:\WINDOWS\System32\ole32.dll
0x00007fff21d10000 - 0x00007fff21d3d000 	C:\Users\Talavera\.p2\pool\plugins\org.eclipse.justj.openjdk.hotspot.jre.full.win32.x86_64_17.0.6.v20230204-1729\jre\bin\javajpeg.dll
0x00007fff09eb0000 - 0x00007fff09f36000 	C:\Users\Talavera\.p2\pool\plugins\org.eclipse.justj.openjdk.hotspot.jre.full.win32.x86_64_17.0.6.v20230204-1729\jre\bin\freetype.dll
0x00007fff05710000 - 0x00007fff057d5000 	C:\Users\Talavera\.p2\pool\plugins\org.eclipse.justj.openjdk.hotspot.jre.full.win32.x86_64_17.0.6.v20230204-1729\jre\bin\fontmanager.dll
0x00007fff2e600000 - 0x00007fff2e6a9000 	C:\WINDOWS\System32\clbcatq.dll
0x00007fff27b60000 - 0x00007fff27d14000 	C:\WINDOWS\SYSTEM32\WindowsCodecs.dll
0x00007fff2e170000 - 0x00007fff2e197000 	C:\WINDOWS\System32\bcrypt.dll
0x00007fff161b0000 - 0x00007fff161ee000 	C:\WINDOWS\system32\dataexchange.dll
0x00007fff2a4e0000 - 0x00007fff2a743000 	C:\WINDOWS\system32\d3d11.dll
0x00007fff2a760000 - 0x00007fff2a943000 	C:\WINDOWS\system32\dcomp.dll
0x00007fff2c3d0000 - 0x00007fff2c4c3000 	C:\WINDOWS\system32\dxgi.dll
0x00007fff28070000 - 0x00007fff28270000 	C:\WINDOWS\system32\twinapi.appcore.dll
0x00007fff25500000 - 0x00007fff255fa000 	C:\WINDOWS\SYSTEM32\textinputframework.dll
0x00007fff2acd0000 - 0x00007fff2b02e000 	C:\WINDOWS\System32\CoreUIComponents.dll
0x00007fff2b060000 - 0x00007fff2b152000 	C:\WINDOWS\System32\CoreMessaging.dll
0x00007fff2cc30000 - 0x00007fff2cc63000 	C:\WINDOWS\SYSTEM32\ntmarta.dll
0x00007fff29810000 - 0x00007fff29964000 	C:\WINDOWS\SYSTEM32\wintypes.dll
0x00007ffee98b0000 - 0x00007ffee98c9000 	C:\Users\Talavera\.p2\pool\plugins\org.eclipse.justj.openjdk.hotspot.jre.full.win32.x86_64_17.0.6.v20230204-1729\jre\bin\net.dll
0x00007fff26c40000 - 0x00007fff26d4a000 	C:\WINDOWS\SYSTEM32\WINHTTP.dll
0x00007fff2d1e0000 - 0x00007fff2d24a000 	C:\WINDOWS\system32\mswsock.dll
0x00007ffee9890000 - 0x00007ffee98a5000 	C:\Users\Talavera\.p2\pool\plugins\org.eclipse.justj.openjdk.hotspot.jre.full.win32.x86_64_17.0.6.v20230204-1729\jre\bin\nio.dll

dbghelp: loaded successfully - version: 4.0.5 - missing functions: none
symbol engine: initialized successfully - sym options: 0x614 - pdb path: .;C:\Users\Talavera\.p2\pool\plugins\org.eclipse.justj.openjdk.hotspot.jre.full.win32.x86_64_17.0.6.v20230204-1729\jre\bin;C:\WINDOWS\SYSTEM32;C:\WINDOWS\WinSxS\amd64_microsoft.windows.common-controls_6595b64144ccf1df_6.0.19041.1110_none_60b5254171f9507e;C:\Users\Talavera\.p2\pool\plugins\org.eclipse.justj.openjdk.hotspot.jre.full.win32.x86_64_17.0.6.v20230204-1729\jre\bin\server

VM Arguments:
jvm_args: -Dfile.encoding=UTF-8 -XX:+ShowCodeDetailsInExceptionMessages 
java_command: loginInvents.mainFrame
java_class_path (initial): C:\Users\Talavera\Desktop\login inventory\JavaInventory\bin
Launcher Type: SUN_STANDARD

[Global flags]
     intx CICompilerCount                          = 2                                         {product} {ergonomic}
     uint ConcGCThreads                            = 1                                         {product} {ergonomic}
     uint G1ConcRefinementThreads                  = 2                                         {product} {ergonomic}
   size_t G1HeapRegionSize                         = 1048576                                   {product} {ergonomic}
    uintx GCDrainStackTargetSize                   = 64                                        {product} {ergonomic}
   size_t InitialHeapSize                          = 100663296                                 {product} {ergonomic}
   size_t MarkStackSize                            = 4194304                                   {product} {ergonomic}
   size_t MaxHeapSize                              = 1602224128                                {product} {ergonomic}
   size_t MaxNewSize                               = 960495616                                 {product} {ergonomic}
   size_t MinHeapDeltaBytes                        = 1048576                                   {product} {ergonomic}
   size_t MinHeapSize                              = 8388608                                   {product} {ergonomic}
    uintx NonNMethodCodeHeapSize                   = 5826188                                {pd product} {ergonomic}
    uintx NonProfiledCodeHeapSize                  = 122916026                              {pd product} {ergonomic}
    uintx ProfiledCodeHeapSize                     = 122916026                              {pd product} {ergonomic}
    uintx ReservedCodeCacheSize                    = 251658240                              {pd product} {ergonomic}
     bool SegmentedCodeCache                       = true                                      {product} {ergonomic}
     bool ShowCodeDetailsInExceptionMessages       = true                                   {manageable} {command line}
   size_t SoftMaxHeapSize                          = 1602224128                             {manageable} {ergonomic}
     bool UseCompressedClassPointers               = true                           {product lp64_product} {ergonomic}
     bool UseCompressedOops                        = true                           {product lp64_product} {ergonomic}
     bool UseG1GC                                  = true                                      {product} {ergonomic}
     bool UseLargePagesIndividualAllocation        = false                                  {pd product} {ergonomic}

Logging:
Log output configuration:
 #0: stdout all=warning uptime,level,tags
 #1: stderr all=off uptime,level,tags

Environment Variables:
PATH=C:/Users/Talavera/.p2/pool/plugins/org.eclipse.justj.openjdk.hotspot.jre.full.win32.x86_64_17.0.6.v20230204-1729/jre/bin/server;C:/Users/Talavera/.p2/pool/plugins/org.eclipse.justj.openjdk.hotspot.jre.full.win32.x86_64_17.0.6.v20230204-1729/jre/bin;C:\Program Files (x86)\Common Files\Oracle\Java\javapath;C:\WINDOWS\system32;C:\WINDOWS;C:\WINDOWS\System32\Wbem;C:\WINDOWS\System32\WindowsPowerShell\v1.0\;C:\WINDOWS\System32\OpenSSH\;C:\Program Files\Git\cmd;C:\Users\Talavera\AppData\Local\Microsoft\WindowsApps;;C:\Users\Talavera\AppData\Local\Programs\Microsoft VS Code\bin;C:\Users\Talavera\Desktop;
USERNAME=Talavera
OS=Windows_NT
PROCESSOR_IDENTIFIER=Intel64 Family 6 Model 23 Stepping 10, GenuineIntel
TMP=C:\Users\Talavera\AppData\Local\Temp
TEMP=C:\Users\Talavera\AppData\Local\Temp



---------------  S Y S T E M  ---------------

OS:
 Windows 10 , 64 bit Build 19041 (10.0.19041.2913)
OS uptime: 0 days 18:12 hours

CPU: total 2 (initial active 2) (2 cores per cpu, 1 threads per core) family 6 model 23 stepping 10 microcode 0xa0c, cx8, cmov, fxsr, mmx, sse, sse2, sse3, ssse3, tsc, clflush

Memory: 4k page, system-wide physical 6109M (366M free)
TotalPageFile size 24541M (AvailPageFile size 1M)
current process WorkingSet (physical memory assigned to process): 68M, peak: 68M
current process commit charge ("private bytes"): 174M, peak: 178M

vm_info: OpenJDK 64-Bit Server VM (17.0.6+10) for windows-amd64 JRE (17.0.6+10), built on Jan 18 2023 10:08:59 by "temurin" with MS VC++ 16.7 (VS2019)

END.
